<?xml version="1.0" encoding="UTF-8"?>
<coverage generated="1640012464952" clover="3.2.0">
  <project timestamp="1640012464952" name="All files">
    <metrics statements="578" coveredstatements="447" conditionals="144" coveredconditionals="94" methods="66" coveredmethods="62" elements="788" coveredelements="603" complexity="0" loc="578" ncloc="578" packages="1" files="8" classes="8"/>
    <file name="constants.js" path="C:\Users\PC\Desktop\SPZ\src\constants.js">
      <metrics statements="3" coveredstatements="3" conditionals="0" coveredconditionals="0" methods="0" coveredmethods="0"/>
      <line num="1" count="1" type="stmt"/>
      <line num="2" count="1" type="stmt"/>
      <line num="3" count="1" type="stmt"/>
    </file>
    <file name="dentry.js" path="C:\Users\PC\Desktop\SPZ\src\dentry.js">
      <metrics statements="2" coveredstatements="2" conditionals="0" coveredconditionals="0" methods="1" coveredmethods="1"/>
      <line num="15" count="569" type="stmt"/>
      <line num="16" count="569" type="stmt"/>
    </file>
    <file name="device.js" path="C:\Users\PC\Desktop\SPZ\src\device.js">
      <metrics statements="5" coveredstatements="5" conditionals="0" coveredconditionals="0" methods="3" coveredmethods="3"/>
      <line num="18" count="1" type="stmt"/>
      <line num="19" count="1" type="stmt"/>
      <line num="20" count="1" type="stmt"/>
      <line num="30" count="1249" type="stmt"/>
      <line num="42" count="800" type="stmt"/>
    </file>
    <file name="driver.js" path="C:\Users\PC\Desktop\SPZ\src\driver.js">
      <metrics statements="440" coveredstatements="322" conditionals="123" coveredconditionals="75" methods="42" coveredmethods="41"/>
      <line num="54" count="1" type="stmt"/>
      <line num="55" count="1" type="stmt"/>
      <line num="68" count="17" type="stmt"/>
      <line num="71" count="17" type="stmt"/>
      <line num="73" count="17" type="stmt"/>
      <line num="74" count="104" type="stmt"/>
      <line num="75" count="104" type="stmt"/>
      <line num="80" count="104" type="stmt"/>
      <line num="83" count="17" type="stmt"/>
      <line num="84" count="104" type="stmt"/>
      <line num="87" count="17" type="stmt"/>
      <line num="89" count="17" type="stmt"/>
      <line num="99" count="17" type="stmt"/>
      <line num="100" count="17" type="stmt"/>
      <line num="101" count="17" type="stmt"/>
      <line num="121" count="13" type="stmt"/>
      <line num="122" count="13" type="cond" truecount="2" falsecount="0"/>
      <line num="123" count="1" type="stmt"/>
      <line num="125" count="12" type="stmt"/>
      <line num="126" count="12" type="stmt"/>
      <line num="127" count="12" type="stmt"/>
      <line num="128" count="12" type="stmt"/>
      <line num="144" count="1" type="stmt"/>
      <line num="145" count="1" type="cond" truecount="1" falsecount="1"/>
      <line num="146" count="0" type="stmt"/>
      <line num="148" count="1" type="stmt"/>
      <line num="149" count="1" type="stmt"/>
      <line num="150" count="1" type="stmt"/>
      <line num="151" count="1" type="stmt"/>
      <line num="168" count="19" type="stmt"/>
      <line num="169" count="19" type="stmt"/>
      <line num="170" count="19" type="stmt"/>
      <line num="171" count="18" type="cond" truecount="2" falsecount="0"/>
      <line num="172" count="1" type="stmt"/>
      <line num="174" count="17" type="stmt"/>
      <line num="175" count="17" type="stmt"/>
      <line num="176" count="17" type="stmt"/>
      <line num="177" count="17" type="stmt"/>
      <line num="178" count="17" type="stmt"/>
      <line num="179" count="17" type="stmt"/>
      <line num="180" count="17" type="stmt"/>
      <line num="181" count="17" type="stmt"/>
      <line num="193" count="249" type="stmt"/>
      <line num="194" count="249" type="stmt"/>
      <line num="195" count="249" type="stmt"/>
      <line num="196" count="249" type="stmt"/>
      <line num="198" count="249" type="stmt"/>
      <line num="199" count="249" type="stmt"/>
      <line num="203" count="249" type="stmt"/>
      <line num="204" count="249" type="stmt"/>
      <line num="205" count="249" type="stmt"/>
      <line num="223" count="93" type="cond" truecount="2" falsecount="0"/>
      <line num="224" count="76" type="stmt"/>
      <line num="226" count="93" type="cond" truecount="2" falsecount="0"/>
      <line num="227" count="76" type="stmt"/>
      <line num="230" count="93" type="cond" truecount="2" falsecount="0"/>
      <line num="231" count="88" type="cond" truecount="2" falsecount="0"/>
      <line num="233" count="51" type="stmt"/>
      <line num="234" count="51" type="stmt"/>
      <line num="236" count="51" type="cond" truecount="2" falsecount="0"/>
      <line num="239" count="49" type="stmt"/>
      <line num="240" count="49" type="stmt"/>
      <line num="241" count="138" type="cond" truecount="2" falsecount="0"/>
      <line num="242" count="47" type="stmt"/>
      <line num="243" count="47" type="cond" truecount="4" falsecount="0"/>
      <line num="244" count="42" type="stmt"/>
      <line num="246" count="5" type="stmt"/>
      <line num="247" count="5" type="cond" truecount="2" falsecount="0"/>
      <line num="248" count="4" type="stmt"/>
      <line num="249" count="4" type="stmt"/>
      <line num="250" count="4" type="stmt"/>
      <line num="251" count="4" type="stmt"/>
      <line num="254" count="1" type="stmt"/>
      <line num="258" count="2" type="stmt"/>
      <line num="270" count="8" type="stmt"/>
      <line num="271" count="8" type="cond" truecount="1" falsecount="1"/>
      <line num="272" count="0" type="stmt"/>
      <line num="274" count="8" type="stmt"/>
      <line num="285" count="2" type="stmt"/>
      <line num="286" count="2" type="cond" truecount="1" falsecount="1"/>
      <line num="287" count="0" type="stmt"/>
      <line num="290" count="2" type="stmt"/>
      <line num="291" count="2" type="stmt"/>
      <line num="292" count="2" type="stmt"/>
      <line num="302" count="0" type="stmt"/>
      <line num="318" count="2" type="stmt"/>
      <line num="319" count="2" type="cond" truecount="1" falsecount="1"/>
      <line num="320" count="0" type="stmt"/>
      <line num="323" count="2" type="stmt"/>
      <line num="324" count="2" type="stmt"/>
      <line num="338" count="2" type="stmt"/>
      <line num="339" count="2" type="cond" truecount="1" falsecount="1"/>
      <line num="340" count="0" type="stmt"/>
      <line num="343" count="2" type="stmt"/>
      <line num="344" count="2" type="stmt"/>
      <line num="357" count="4" type="stmt"/>
      <line num="358" count="4" type="cond" truecount="1" falsecount="1"/>
      <line num="359" count="0" type="stmt"/>
      <line num="362" count="4" type="stmt"/>
      <line num="371" count="9" type="stmt"/>
      <line num="373" count="9" type="stmt"/>
      <line num="374" count="9" type="stmt"/>
      <line num="375" count="9" type="stmt"/>
      <line num="377" count="9" type="stmt"/>
      <line num="378" count="9" type="cond" truecount="1" falsecount="1"/>
      <line num="379" count="0" type="stmt"/>
      <line num="381" count="9" type="stmt"/>
      <line num="382" count="9" type="stmt"/>
      <line num="383" count="9" type="stmt"/>
      <line num="384" count="9" type="stmt"/>
      <line num="385" count="9" type="stmt"/>
      <line num="386" count="9" type="stmt"/>
      <line num="387" count="9" type="stmt"/>
      <line num="388" count="9" type="stmt"/>
      <line num="389" count="8" type="stmt"/>
      <line num="390" count="8" type="stmt"/>
      <line num="392" count="1" type="cond" truecount="1" falsecount="1"/>
      <line num="393" count="1" type="stmt"/>
      <line num="394" count="1" type="stmt"/>
      <line num="396" count="1" type="stmt"/>
      <line num="408" count="1" type="stmt"/>
      <line num="409" count="1" type="stmt"/>
      <line num="410" count="1" type="stmt"/>
      <line num="412" count="1" type="cond" truecount="1" falsecount="1"/>
      <line num="413" count="0" type="stmt"/>
      <line num="415" count="1" type="cond" truecount="1" falsecount="1"/>
      <line num="416" count="0" type="stmt"/>
      <line num="419" count="1" type="stmt"/>
      <line num="420" count="1" type="stmt"/>
      <line num="421" count="1" type="stmt"/>
      <line num="422" count="1" type="stmt"/>
      <line num="423" count="1" type="stmt"/>
      <line num="433" count="2" type="stmt"/>
      <line num="434" count="2" type="stmt"/>
      <line num="435" count="2" type="stmt"/>
      <line num="437" count="2" type="stmt"/>
      <line num="438" count="2" type="cond" truecount="1" falsecount="1"/>
      <line num="439" count="0" type="stmt"/>
      <line num="442" count="2" type="stmt"/>
      <line num="443" count="2" type="stmt"/>
      <line num="444" count="2" type="stmt"/>
      <line num="445" count="2" type="stmt"/>
      <line num="446" count="2" type="stmt"/>
      <line num="447" count="2" type="stmt"/>
      <line num="448" count="2" type="stmt"/>
      <line num="449" count="2" type="stmt"/>
      <line num="450" count="2" type="stmt"/>
      <line num="451" count="2" type="stmt"/>
      <line num="452" count="2" type="stmt"/>
      <line num="460" count="17" type="stmt"/>
      <line num="461" count="17" type="stmt"/>
      <line num="462" count="17" type="stmt"/>
      <line num="463" count="17" type="stmt"/>
      <line num="465" count="17" type="stmt"/>
      <line num="466" count="17" type="stmt"/>
      <line num="467" count="17" type="stmt"/>
      <line num="471" count="29" type="stmt"/>
      <line num="472" count="29" type="stmt"/>
      <line num="473" count="29" type="stmt"/>
      <line num="475" count="29" type="stmt"/>
      <line num="476" count="29" type="stmt"/>
      <line num="477" count="29" type="stmt"/>
      <line num="478" count="29" type="stmt"/>
      <line num="487" count="4" type="stmt"/>
      <line num="488" count="9" type="stmt"/>
      <line num="489" count="10" type="stmt"/>
      <line num="490" count="4" type="stmt"/>
      <line num="491" count="4" type="stmt"/>
      <line num="492" count="4" type="stmt"/>
      <line num="494" count="4" type="stmt"/>
      <line num="495" count="4" type="stmt"/>
      <line num="496" count="4" type="stmt"/>
      <line num="504" count="5" type="cond" truecount="2" falsecount="0"/>
      <line num="505" count="2" type="stmt"/>
      <line num="506" count="2" type="stmt"/>
      <line num="507" count="2" type="stmt"/>
      <line num="508" count="2" type="stmt"/>
      <line num="509" count="2" type="stmt"/>
      <line num="510" count="2" type="stmt"/>
      <line num="511" count="2" type="stmt"/>
      <line num="512" count="2" type="stmt"/>
      <line num="516" count="22" type="stmt"/>
      <line num="520" count="5" type="stmt"/>
      <line num="529" count="151" type="stmt"/>
      <line num="530" count="151" type="stmt"/>
      <line num="531" count="151" type="stmt"/>
      <line num="543" count="101" type="cond" truecount="2" falsecount="0"/>
      <line num="544" count="94" type="stmt"/>
      <line num="546" count="7" type="stmt"/>
      <line num="556" count="94" type="stmt"/>
      <line num="557" count="94" type="stmt"/>
      <line num="559" count="94" type="stmt"/>
      <line num="560" count="94" type="stmt"/>
      <line num="561" count="94" type="stmt"/>
      <line num="565" count="56" type="stmt"/>
      <line num="566" count="56" type="stmt"/>
      <line num="569" count="94" type="stmt"/>
      <line num="570" count="94" type="stmt"/>
      <line num="571" count="94" type="stmt"/>
      <line num="572" count="94" type="stmt"/>
      <line num="581" count="7" type="stmt"/>
      <line num="582" count="7" type="stmt"/>
      <line num="583" count="7" type="stmt"/>
      <line num="584" count="7" type="stmt"/>
      <line num="585" count="7" type="stmt"/>
      <line num="586" count="7" type="cond" truecount="2" falsecount="0"/>
      <line num="587" count="3" type="stmt"/>
      <line num="588" count="3" type="stmt"/>
      <line num="590" count="4" type="stmt"/>
      <line num="591" count="4" type="stmt"/>
      <line num="592" count="4" type="cond" truecount="2" falsecount="0"/>
      <line num="593" count="3" type="stmt"/>
      <line num="594" count="3" type="stmt"/>
      <line num="598" count="3" type="stmt"/>
      <line num="601" count="4" type="stmt"/>
      <line num="602" count="4" type="stmt"/>
      <line num="611" count="7" type="stmt"/>
      <line num="612" count="7" type="stmt"/>
      <line num="614" count="7" type="stmt"/>
      <line num="615" count="2" type="stmt"/>
      <line num="616" count="2" type="stmt"/>
      <line num="619" count="7" type="cond" truecount="1" falsecount="1"/>
      <line num="620" count="0" type="stmt"/>
      <line num="624" count="0" type="stmt"/>
      <line num="634" count="0" type="stmt"/>
      <line num="635" count="0" type="stmt"/>
      <line num="636" count="0" type="stmt"/>
      <line num="639" count="0" type="stmt"/>
      <line num="640" count="0" type="stmt"/>
      <line num="643" count="0" type="stmt"/>
      <line num="644" count="0" type="stmt"/>
      <line num="645" count="0" type="stmt"/>
      <line num="647" count="0" type="stmt"/>
      <line num="649" count="0" type="cond" truecount="0" falsecount="2"/>
      <line num="650" count="0" type="stmt"/>
      <line num="651" count="0" type="stmt"/>
      <line num="654" count="7" type="cond" truecount="1" falsecount="1"/>
      <line num="655" count="0" type="stmt"/>
      <line num="662" count="0" type="stmt"/>
      <line num="663" count="0" type="stmt"/>
      <line num="664" count="0" type="stmt"/>
      <line num="669" count="0" type="stmt"/>
      <line num="671" count="0" type="cond" truecount="0" falsecount="2"/>
      <line num="672" count="0" type="stmt"/>
      <line num="673" count="0" type="stmt"/>
      <line num="676" count="7" type="cond" truecount="1" falsecount="1"/>
      <line num="677" count="7" type="stmt"/>
      <line num="678" count="7" type="stmt"/>
      <line num="682" count="72" type="stmt"/>
      <line num="684" count="7" type="stmt"/>
      <line num="689" count="56" type="stmt"/>
      <line num="690" count="56" type="stmt"/>
      <line num="691" count="56" type="stmt"/>
      <line num="692" count="56" type="stmt"/>
      <line num="696" count="56" type="stmt"/>
      <line num="697" count="56" type="stmt"/>
      <line num="703" count="56" type="stmt"/>
      <line num="704" count="83" type="stmt"/>
      <line num="706" count="83" type="stmt"/>
      <line num="707" count="501" type="cond" truecount="2" falsecount="0"/>
      <line num="708" count="56" type="stmt"/>
      <line num="720" count="94" type="cond" truecount="2" falsecount="0"/>
      <line num="722" count="56" type="stmt"/>
      <line num="723" count="56" type="stmt"/>
      <line num="724" count="56" type="stmt"/>
      <line num="725" count="56" type="cond" truecount="1" falsecount="1"/>
      <line num="726" count="56" type="stmt"/>
      <line num="730" count="0" type="cond" truecount="0" falsecount="2"/>
      <line num="731" count="0" type="stmt"/>
      <line num="732" count="0" type="stmt"/>
      <line num="733" count="0" type="stmt"/>
      <line num="736" count="0" type="stmt"/>
      <line num="737" count="0" type="stmt"/>
      <line num="738" count="0" type="stmt"/>
      <line num="739" count="0" type="stmt"/>
      <line num="740" count="0" type="stmt"/>
      <line num="742" count="0" type="stmt"/>
      <line num="744" count="0" type="stmt"/>
      <line num="745" count="0" type="cond" truecount="0" falsecount="2"/>
      <line num="746" count="0" type="stmt"/>
      <line num="747" count="0" type="stmt"/>
      <line num="750" count="0" type="stmt"/>
      <line num="752" count="0" type="cond" truecount="0" falsecount="2"/>
      <line num="753" count="0" type="stmt"/>
      <line num="754" count="0" type="stmt"/>
      <line num="755" count="0" type="stmt"/>
      <line num="758" count="0" type="stmt"/>
      <line num="759" count="0" type="stmt"/>
      <line num="760" count="0" type="stmt"/>
      <line num="767" count="0" type="stmt"/>
      <line num="772" count="0" type="stmt"/>
      <line num="776" count="0" type="stmt"/>
      <line num="778" count="0" type="cond" truecount="0" falsecount="2"/>
      <line num="779" count="0" type="stmt"/>
      <line num="780" count="0" type="stmt"/>
      <line num="781" count="0" type="stmt"/>
      <line num="783" count="0" type="stmt"/>
      <line num="784" count="0" type="stmt"/>
      <line num="787" count="0" type="stmt"/>
      <line num="788" count="0" type="stmt"/>
      <line num="794" count="0" type="stmt"/>
      <line num="795" count="0" type="stmt"/>
      <line num="797" count="0" type="stmt"/>
      <line num="799" count="0" type="stmt"/>
      <line num="801" count="0" type="stmt"/>
      <line num="803" count="0" type="cond" truecount="0" falsecount="2"/>
      <line num="804" count="0" type="stmt"/>
      <line num="805" count="0" type="stmt"/>
      <line num="806" count="0" type="stmt"/>
      <line num="809" count="0" type="stmt"/>
      <line num="811" count="0" type="stmt"/>
      <line num="813" count="0" type="stmt"/>
      <line num="814" count="0" type="stmt"/>
      <line num="816" count="0" type="stmt"/>
      <line num="829" count="90" type="stmt"/>
      <line num="830" count="90" type="stmt"/>
      <line num="831" count="208" type="stmt"/>
      <line num="833" count="90" type="cond" truecount="2" falsecount="0"/>
      <line num="834" count="1" type="stmt"/>
      <line num="836" count="89" type="stmt"/>
      <line num="837" count="89" type="stmt"/>
      <line num="838" count="89" type="stmt"/>
      <line num="839" count="89" type="stmt"/>
      <line num="840" count="89" type="stmt"/>
      <line num="841" count="89" type="stmt"/>
      <line num="842" count="89" type="stmt"/>
      <line num="854" count="268" type="stmt"/>
      <line num="855" count="268" type="cond" truecount="2" falsecount="0"/>
      <line num="856" count="242" type="stmt"/>
      <line num="857" count="553" type="cond" truecount="2" falsecount="0"/>
      <line num="858" count="386" type="cond" truecount="1" falsecount="1"/>
      <line num="860" count="386" type="stmt"/>
      <line num="861" count="386" type="stmt"/>
      <line num="864" count="101" type="cond" truecount="1" falsecount="1"/>
      <line num="869" count="0" type="stmt"/>
      <line num="870" count="0" type="stmt"/>
      <line num="871" count="0" type="stmt"/>
      <line num="872" count="0" type="cond" truecount="0" falsecount="2"/>
      <line num="873" count="0" type="cond" truecount="0" falsecount="2"/>
      <line num="875" count="0" type="stmt"/>
      <line num="876" count="0" type="stmt"/>
      <line num="879" count="101" type="cond" truecount="1" falsecount="1"/>
      <line num="885" count="0" type="stmt"/>
      <line num="886" count="0" type="stmt"/>
      <line num="888" count="0" type="stmt"/>
      <line num="889" count="0" type="cond" truecount="0" falsecount="2"/>
      <line num="891" count="0" type="stmt"/>
      <line num="894" count="0" type="stmt"/>
      <line num="895" count="0" type="stmt"/>
      <line num="896" count="0" type="cond" truecount="0" falsecount="2"/>
      <line num="897" count="0" type="cond" truecount="0" falsecount="2"/>
      <line num="899" count="0" type="stmt"/>
      <line num="900" count="0" type="stmt"/>
      <line num="915" count="97" type="cond" truecount="1" falsecount="1"/>
      <line num="916" count="0" type="stmt"/>
      <line num="919" count="97" type="stmt"/>
      <line num="921" count="97" type="stmt"/>
      <line num="923" count="97" type="stmt"/>
      <line num="924" count="97" type="stmt"/>
      <line num="926" count="97" type="stmt"/>
      <line num="931" count="99" type="cond" truecount="2" falsecount="0"/>
      <line num="932" count="56" type="stmt"/>
      <line num="933" count="56" type="stmt"/>
      <line num="934" count="56" type="stmt"/>
      <line num="935" count="56" type="stmt"/>
      <line num="938" count="99" type="stmt"/>
      <line num="939" count="99" type="stmt"/>
      <line num="943" count="99" type="stmt"/>
      <line num="945" count="99" type="stmt"/>
      <line num="946" count="99" type="stmt"/>
      <line num="947" count="99" type="stmt"/>
      <line num="949" count="99" type="stmt"/>
      <line num="950" count="99" type="stmt"/>
      <line num="951" count="99" type="stmt"/>
      <line num="962" count="56" type="cond" truecount="1" falsecount="1"/>
      <line num="964" count="56" type="stmt"/>
      <line num="965" count="56" type="stmt"/>
      <line num="966" count="0" type="cond" truecount="0" falsecount="2"/>
      <line num="968" count="0" type="stmt"/>
      <line num="969" count="0" type="stmt"/>
      <line num="970" count="0" type="stmt"/>
      <line num="971" count="0" type="stmt"/>
      <line num="972" count="0" type="stmt"/>
      <line num="975" count="0" type="stmt"/>
      <line num="980" count="0" type="stmt"/>
      <line num="983" count="0" type="stmt"/>
      <line num="984" count="0" type="stmt"/>
      <line num="986" count="0" type="stmt"/>
      <line num="987" count="0" type="stmt"/>
      <line num="988" count="0" type="stmt"/>
      <line num="989" count="0" type="stmt"/>
      <line num="990" count="0" type="stmt"/>
      <line num="991" count="0" type="stmt"/>
      <line num="1007" count="157" type="cond" truecount="1" falsecount="1"/>
      <line num="1008" count="0" type="stmt"/>
      <line num="1011" count="157" type="stmt"/>
      <line num="1013" count="157" type="stmt"/>
      <line num="1015" count="157" type="stmt"/>
      <line num="1017" count="157" type="stmt"/>
      <line num="1018" count="157" type="stmt"/>
      <line num="1023" count="275" type="stmt"/>
      <line num="1024" count="275" type="stmt"/>
      <line num="1029" count="275" type="stmt"/>
      <line num="1030" count="275" type="cond" truecount="1" falsecount="1"/>
      <line num="1031" count="0" type="stmt"/>
      <line num="1033" count="275" type="stmt"/>
      <line num="1035" count="275" type="stmt"/>
      <line num="1040" count="275" type="stmt"/>
      <line num="1041" count="275" type="stmt"/>
      <line num="1044" count="157" type="stmt"/>
      <line num="1053" count="95" type="stmt"/>
      <line num="1062" count="95" type="stmt"/>
      <line num="1071" count="28" type="stmt"/>
      <line num="1072" count="28" type="stmt"/>
      <line num="1073" count="107" type="stmt"/>
      <line num="1074" count="107" type="cond" truecount="2" falsecount="0"/>
      <line num="1075" count="28" type="stmt"/>
      <line num="1079" count="0" type="stmt"/>
      <line num="1087" count="359" type="stmt"/>
      <line num="1088" count="359" type="stmt"/>
      <line num="1089" count="359" type="stmt"/>
      <line num="1090" count="359" type="stmt"/>
      <line num="1091" count="359" type="stmt"/>
      <line num="1092" count="359" type="stmt"/>
      <line num="1093" count="359" type="stmt"/>
      <line num="1094" count="359" type="stmt"/>
      <line num="1098" count="160" type="stmt"/>
      <line num="1099" count="160" type="stmt"/>
      <line num="1100" count="160" type="stmt"/>
      <line num="1102" count="160" type="stmt"/>
      <line num="1103" count="160" type="stmt"/>
      <line num="1104" count="160" type="stmt"/>
      <line num="1108" count="2" type="stmt"/>
      <line num="1109" count="2" type="stmt"/>
      <line num="1110" count="2" type="stmt"/>
      <line num="1112" count="2" type="stmt"/>
      <line num="1113" count="2" type="stmt"/>
      <line num="1114" count="2" type="stmt"/>
      <line num="1118" count="56" type="stmt"/>
      <line num="1119" count="56" type="stmt"/>
    </file>
    <file name="exceptions.js" path="C:\Users\PC\Desktop\SPZ\src\exceptions.js">
      <metrics statements="0" coveredstatements="0" conditionals="0" coveredconditionals="0" methods="0" coveredmethods="0"/>
    </file>
    <file name="inode.js" path="C:\Users\PC\Desktop\SPZ\src\inode.js">
      <metrics statements="8" coveredstatements="8" conditionals="0" coveredconditionals="0" methods="1" coveredmethods="1"/>
      <line num="9" count="1" type="stmt"/>
      <line num="44" count="266" type="stmt"/>
      <line num="45" count="266" type="stmt"/>
      <line num="46" count="266" type="stmt"/>
      <line num="47" count="266" type="stmt"/>
      <line num="48" count="266" type="stmt"/>
      <line num="49" count="266" type="stmt"/>
      <line num="50" count="266" type="stmt"/>
    </file>
    <file name="serializer.js" path="C:\Users\PC\Desktop\SPZ\src\serializer.js">
      <metrics statements="106" coveredstatements="93" conditionals="21" coveredconditionals="19" methods="19" coveredmethods="16"/>
      <line num="20" count="1" type="stmt"/>
      <line num="21" count="95" type="stmt"/>
      <line num="22" count="95" type="stmt"/>
      <line num="26" count="95" type="stmt"/>
      <line num="27" count="95" type="stmt"/>
      <line num="28" count="95" type="stmt"/>
      <line num="36" count="1" type="stmt"/>
      <line num="37" count="452" type="stmt"/>
      <line num="38" count="452" type="stmt"/>
      <line num="41" count="452" type="stmt"/>
      <line num="42" count="452" type="stmt"/>
      <line num="44" count="452" type="stmt"/>
      <line num="45" count="452" type="stmt"/>
      <line num="53" count="1" type="stmt"/>
      <line num="54" count="4" type="stmt"/>
      <line num="56" count="4" type="stmt"/>
      <line num="57" count="6" type="stmt"/>
      <line num="58" count="6" type="stmt"/>
      <line num="61" count="4" type="stmt"/>
      <line num="69" count="1" type="stmt"/>
      <line num="70" count="151" type="stmt"/>
      <line num="71" count="151" type="stmt"/>
      <line num="72" count="452" type="stmt"/>
      <line num="73" count="452" type="stmt"/>
      <line num="74" count="452" type="stmt"/>
      <line num="76" count="151" type="stmt"/>
      <line num="84" count="1" type="stmt"/>
      <line num="85" count="359" type="stmt"/>
      <line num="86" count="359" type="stmt"/>
      <line num="87" count="359" type="stmt"/>
      <line num="88" count="359" type="stmt"/>
      <line num="89" count="359" type="stmt"/>
      <line num="90" count="1697" type="stmt"/>
      <line num="93" count="359" type="stmt"/>
      <line num="94" count="359" type="stmt"/>
      <line num="96" count="359" type="stmt"/>
      <line num="109" count="359" type="stmt"/>
      <line num="117" count="1" type="stmt"/>
      <line num="118" count="249" type="stmt"/>
      <line num="119" count="249" type="stmt"/>
      <line num="120" count="249" type="stmt"/>
      <line num="121" count="249" type="stmt"/>
      <line num="122" count="249" type="stmt"/>
      <line num="123" count="249" type="stmt"/>
      <line num="124" count="249" type="stmt"/>
      <line num="125" count="249" type="stmt"/>
      <line num="126" count="249" type="stmt"/>
      <line num="127" count="249" type="stmt"/>
      <line num="131" count="249" type="stmt"/>
      <line num="132" count="249" type="stmt"/>
      <line num="133" count="249" type="stmt"/>
      <line num="135" count="249" type="stmt"/>
      <line num="136" count="249" type="stmt"/>
      <line num="137" count="249" type="stmt"/>
      <line num="138" count="249" type="stmt"/>
      <line num="139" count="249" type="stmt"/>
      <line num="140" count="249" type="stmt"/>
      <line num="141" count="2739" type="stmt"/>
      <line num="145" count="2739" type="stmt"/>
      <line num="146" count="2739" type="stmt"/>
      <line num="148" count="249" type="stmt"/>
      <line num="149" count="249" type="stmt"/>
      <line num="151" count="249" type="stmt"/>
      <line num="160" count="249" type="stmt"/>
      <line num="168" count="1" type="stmt"/>
      <line num="169" count="359" type="cond" truecount="4" falsecount="1"/>
      <line num="171" count="56" type="stmt"/>
      <line num="173" count="291" type="stmt"/>
      <line num="175" count="10" type="stmt"/>
      <line num="177" count="2" type="stmt"/>
      <line num="179" count="0" type="stmt"/>
      <line num="188" count="1" type="stmt"/>
      <line num="189" count="249" type="cond" truecount="4" falsecount="0"/>
      <line num="190" count="73" type="stmt"/>
      <line num="191" count="176" type="cond" truecount="4" falsecount="0"/>
      <line num="192" count="141" type="stmt"/>
      <line num="193" count="35" type="cond" truecount="4" falsecount="0"/>
      <line num="194" count="7" type="stmt"/>
      <line num="195" count="28" type="cond" truecount="3" falsecount="1"/>
      <line num="196" count="28" type="stmt"/>
      <line num="198" count="0" type="stmt"/>
      <line num="207" count="1" type="stmt"/>
      <line num="208" count="2415" type="stmt"/>
      <line num="216" count="1" type="stmt"/>
      <line num="217" count="3237" type="stmt"/>
      <line num="225" count="1" type="stmt"/>
      <line num="226" count="0" type="stmt"/>
      <line num="227" count="0" type="stmt"/>
      <line num="228" count="0" type="stmt"/>
      <line num="232" count="0" type="stmt"/>
      <line num="233" count="0" type="stmt"/>
      <line num="236" count="0" type="stmt"/>
      <line num="244" count="1" type="stmt"/>
      <line num="245" count="0" type="stmt"/>
      <line num="246" count="0" type="stmt"/>
      <line num="247" count="0" type="stmt"/>
      <line num="248" count="0" type="stmt"/>
      <line num="250" count="0" type="stmt"/>
      <line num="258" count="1" type="stmt"/>
      <line num="259" count="3245" type="stmt"/>
      <line num="272" count="1" type="stmt"/>
      <line num="273" count="4216" type="stmt"/>
      <line num="280" count="1" type="stmt"/>
      <line num="281" count="359" type="stmt"/>
      <line num="289" count="1" type="stmt"/>
      <line num="290" count="249" type="stmt"/>
    </file>
    <file name="settings.js" path="C:\Users\PC\Desktop\SPZ\src\settings.js">
      <metrics statements="14" coveredstatements="14" conditionals="0" coveredconditionals="0" methods="0" coveredmethods="0"/>
      <line num="1" count="1" type="stmt"/>
      <line num="2" count="1" type="stmt"/>
      <line num="3" count="1" type="stmt"/>
      <line num="5" count="1" type="stmt"/>
      <line num="9" count="1" type="stmt"/>
      <line num="11" count="1" type="stmt"/>
      <line num="13" count="1" type="stmt"/>
      <line num="14" count="1" type="stmt"/>
      <line num="15" count="1" type="stmt"/>
      <line num="16" count="1" type="stmt"/>
      <line num="17" count="1" type="stmt"/>
      <line num="19" count="1" type="stmt"/>
      <line num="26" count="1" type="stmt"/>
      <line num="29" count="1" type="stmt"/>
    </file>
  </project>
</coverage>
