{"C:\\Users\\PC\\Desktop\\SPZ\\src\\constants.js": {"path":"C:\\Users\\PC\\Desktop\\SPZ\\src\\constants.js","statementMap":{"0":{"start":{"line":1,"column":27},"end":{"line":1,"column":29}},"1":{"start":{"line":2,"column":26},"end":{"line":2,"column":27}},"2":{"start":{"line":3,"column":27},"end":{"line":3,"column":29}}},"fnMap":{},"branchMap":{},"s":{"0":1,"1":1,"2":1},"f":{},"b":{},"inputSourceMap":null,"_coverageSchema":"1a1c01bbd47fc00a2c39e90264f33305004495a9","hash":"741ed4f5bb84bd7e8aef0f6089dfc037fdf1ffa6"}
,"C:\\Users\\PC\\Desktop\\SPZ\\src\\dentry.js": {"path":"C:\\Users\\PC\\Desktop\\SPZ\\src\\dentry.js","statementMap":{"0":{"start":{"line":15,"column":4},"end":{"line":15,"column":29}},"1":{"start":{"line":16,"column":4},"end":{"line":16,"column":19}}},"fnMap":{"0":{"name":"(anonymous_0)","decl":{"start":{"line":14,"column":2},"end":{"line":14,"column":3}},"loc":{"start":{"line":14,"column":29},"end":{"line":17,"column":3}},"line":14}},"branchMap":{},"s":{"0":569,"1":569},"f":{"0":569},"b":{},"inputSourceMap":null,"_coverageSchema":"1a1c01bbd47fc00a2c39e90264f33305004495a9","hash":"530de0707e2b407172d0be8c0d2fcfd5b9591061"}
,"C:\\Users\\PC\\Desktop\\SPZ\\src\\device.js": {"path":"C:\\Users\\PC\\Desktop\\SPZ\\src\\device.js","statementMap":{"0":{"start":{"line":18,"column":4},"end":{"line":18,"column":31}},"1":{"start":{"line":19,"column":4},"end":{"line":19,"column":33}},"2":{"start":{"line":20,"column":4},"end":{"line":20,"column":57}},"3":{"start":{"line":30,"column":4},"end":{"line":33,"column":6}},"4":{"start":{"line":42,"column":4},"end":{"line":42,"column":58}}},"fnMap":{"0":{"name":"(anonymous_0)","decl":{"start":{"line":17,"column":2},"end":{"line":17,"column":3}},"loc":{"start":{"line":17,"column":37},"end":{"line":21,"column":3}},"line":17},"1":{"name":"(anonymous_1)","decl":{"start":{"line":29,"column":2},"end":{"line":29,"column":3}},"loc":{"start":{"line":29,"column":26},"end":{"line":34,"column":3}},"line":29},"2":{"name":"(anonymous_2)","decl":{"start":{"line":41,"column":2},"end":{"line":41,"column":3}},"loc":{"start":{"line":41,"column":34},"end":{"line":43,"column":3}},"line":41}},"branchMap":{},"s":{"0":1,"1":1,"2":1,"3":1249,"4":800},"f":{"0":1,"1":1249,"2":800},"b":{},"inputSourceMap":null,"_coverageSchema":"1a1c01bbd47fc00a2c39e90264f33305004495a9","hash":"2c849af04638bf5514516a786bd887d91bad9fda"}
,"C:\\Users\\PC\\Desktop\\SPZ\\src\\driver.js": {"path":"C:\\Users\\PC\\Desktop\\SPZ\\src\\driver.js","statementMap":{"0":{"start":{"line":54,"column":4},"end":{"line":54,"column":25}},"1":{"start":{"line":55,"column":4},"end":{"line":55,"column":24}},"2":{"start":{"line":68,"column":23},"end":{"line":70,"column":5}},"3":{"start":{"line":71,"column":25},"end":{"line":71,"column":66}},"4":{"start":{"line":73,"column":4},"end":{"line":81,"column":5}},"5":{"start":{"line":73,"column":28},"end":{"line":73,"column":29}},"6":{"start":{"line":74,"column":20},"end":{"line":74,"column":46}},"7":{"start":{"line":75,"column":6},"end":{"line":79,"column":8}},"8":{"start":{"line":80,"column":6},"end":{"line":80,"column":50}},"9":{"start":{"line":83,"column":4},"end":{"line":85,"column":5}},"10":{"start":{"line":83,"column":26},"end":{"line":83,"column":27}},"11":{"start":{"line":84,"column":6},"end":{"line":84,"column":39}},"12":{"start":{"line":87,"column":4},"end":{"line":87,"column":18}},"13":{"start":{"line":89,"column":17},"end":{"line":97,"column":5}},"14":{"start":{"line":99,"column":4},"end":{"line":99,"column":33}},"15":{"start":{"line":100,"column":4},"end":{"line":100,"column":35}},"16":{"start":{"line":101,"column":4},"end":{"line":101,"column":36}},"17":{"start":{"line":121,"column":17},"end":{"line":121,"column":39}},"18":{"start":{"line":122,"column":4},"end":{"line":124,"column":5}},"19":{"start":{"line":123,"column":6},"end":{"line":123,"column":52}},"20":{"start":{"line":125,"column":21},"end":{"line":125,"column":49}},"21":{"start":{"line":126,"column":20},"end":{"line":126,"column":47}},"22":{"start":{"line":127,"column":16},"end":{"line":127,"column":36}},"23":{"start":{"line":128,"column":4},"end":{"line":128,"column":39}},"24":{"start":{"line":144,"column":17},"end":{"line":144,"column":38}},"25":{"start":{"line":145,"column":4},"end":{"line":147,"column":5}},"26":{"start":{"line":146,"column":6},"end":{"line":146,"column":55}},"27":{"start":{"line":148,"column":21},"end":{"line":148,"column":48}},"28":{"start":{"line":149,"column":20},"end":{"line":149,"column":46}},"29":{"start":{"line":150,"column":16},"end":{"line":150,"column":36}},"30":{"start":{"line":151,"column":4},"end":{"line":151,"column":32}},"31":{"start":{"line":168,"column":21},"end":{"line":168,"column":48}},"32":{"start":{"line":169,"column":20},"end":{"line":169,"column":46}},"33":{"start":{"line":170,"column":16},"end":{"line":170,"column":36}},"34":{"start":{"line":171,"column":4},"end":{"line":173,"column":5}},"35":{"start":{"line":172,"column":6},"end":{"line":172,"column":51}},"36":{"start":{"line":174,"column":17},"end":{"line":174,"column":44}},"37":{"start":{"line":175,"column":4},"end":{"line":175,"column":33}},"38":{"start":{"line":176,"column":4},"end":{"line":176,"column":18}},"39":{"start":{"line":177,"column":4},"end":{"line":177,"column":18}},"40":{"start":{"line":178,"column":4},"end":{"line":178,"column":28}},"41":{"start":{"line":179,"column":4},"end":{"line":179,"column":28}},"42":{"start":{"line":180,"column":4},"end":{"line":180,"column":33}},"43":{"start":{"line":181,"column":4},"end":{"line":181,"column":39}},"44":{"start":{"line":193,"column":25},"end":{"line":193,"column":55}},"45":{"start":{"line":194,"column":25},"end":{"line":194,"column":56}},"46":{"start":{"line":195,"column":30},"end":{"line":195,"column":66}},"47":{"start":{"line":196,"column":32},"end":{"line":196,"column":57}},"48":{"start":{"line":198,"column":18},"end":{"line":198,"column":58}},"49":{"start":{"line":199,"column":23},"end":{"line":202,"column":5}},"50":{"start":{"line":203,"column":18},"end":{"line":203,"column":46}},"51":{"start":{"line":204,"column":4},"end":{"line":204,"column":20}},"52":{"start":{"line":205,"column":4},"end":{"line":205,"column":17}},"53":{"start":{"line":223,"column":4},"end":{"line":225,"column":5}},"54":{"start":{"line":224,"column":6},"end":{"line":224,"column":34}},"55":{"start":{"line":226,"column":4},"end":{"line":228,"column":5}},"56":{"start":{"line":227,"column":6},"end":{"line":227,"column":44}},"57":{"start":{"line":230,"column":4},"end":{"line":230,"column":54}},"58":{"start":{"line":230,"column":25},"end":{"line":230,"column":54}},"59":{"start":{"line":231,"column":4},"end":{"line":231,"column":45}},"60":{"start":{"line":231,"column":24},"end":{"line":231,"column":45}},"61":{"start":{"line":233,"column":21},"end":{"line":233,"column":48}},"62":{"start":{"line":234,"column":20},"end":{"line":234,"column":46}},"63":{"start":{"line":236,"column":6},"end":{"line":238,"column":65}},"64":{"start":{"line":239,"column":21},"end":{"line":239,"column":45}},"65":{"start":{"line":240,"column":4},"end":{"line":256,"column":5}},"66":{"start":{"line":241,"column":6},"end":{"line":255,"column":7}},"67":{"start":{"line":242,"column":21},"end":{"line":242,"column":51}},"68":{"start":{"line":243,"column":8},"end":{"line":245,"column":9}},"69":{"start":{"line":244,"column":10},"end":{"line":244,"column":22}},"70":{"start":{"line":246,"column":22},"end":{"line":246,"column":26}},"71":{"start":{"line":247,"column":8},"end":{"line":252,"column":9}},"72":{"start":{"line":248,"column":32},"end":{"line":248,"column":68}},"73":{"start":{"line":249,"column":27},"end":{"line":249,"column":66}},"74":{"start":{"line":250,"column":10},"end":{"line":250,"column":31}},"75":{"start":{"line":251,"column":10},"end":{"line":251,"column":64}},"76":{"start":{"line":254,"column":8},"end":{"line":254,"column":55}},"77":{"start":{"line":258,"column":4},"end":{"line":258,"column":44}},"78":{"start":{"line":270,"column":16},"end":{"line":270,"column":36}},"79":{"start":{"line":271,"column":4},"end":{"line":273,"column":5}},"80":{"start":{"line":272,"column":6},"end":{"line":272,"column":51}},"81":{"start":{"line":274,"column":4},"end":{"line":274,"column":36}},"82":{"start":{"line":285,"column":17},"end":{"line":285,"column":38}},"83":{"start":{"line":286,"column":4},"end":{"line":288,"column":5}},"84":{"start":{"line":287,"column":6},"end":{"line":287,"column":46}},"85":{"start":{"line":290,"column":25},"end":{"line":290,"column":33}},"86":{"start":{"line":291,"column":4},"end":{"line":291,"column":44}},"87":{"start":{"line":292,"column":4},"end":{"line":292,"column":24}},"88":{"start":{"line":302,"column":4},"end":{"line":302,"column":40}},"89":{"start":{"line":318,"column":16},"end":{"line":318,"column":44}},"90":{"start":{"line":319,"column":4},"end":{"line":321,"column":5}},"91":{"start":{"line":320,"column":6},"end":{"line":320,"column":74}},"92":{"start":{"line":323,"column":17},"end":{"line":323,"column":40}},"93":{"start":{"line":324,"column":4},"end":{"line":324,"column":42}},"94":{"start":{"line":338,"column":16},"end":{"line":338,"column":44}},"95":{"start":{"line":339,"column":4},"end":{"line":341,"column":5}},"96":{"start":{"line":340,"column":6},"end":{"line":340,"column":74}},"97":{"start":{"line":343,"column":17},"end":{"line":343,"column":40}},"98":{"start":{"line":344,"column":4},"end":{"line":344,"column":45}},"99":{"start":{"line":357,"column":17},"end":{"line":357,"column":38}},"100":{"start":{"line":358,"column":4},"end":{"line":360,"column":5}},"101":{"start":{"line":359,"column":6},"end":{"line":359,"column":52}},"102":{"start":{"line":362,"column":4},"end":{"line":362,"column":31}},"103":{"start":{"line":371,"column":17},"end":{"line":371,"column":21}},"104":{"start":{"line":373,"column":4},"end":{"line":397,"column":5}},"105":{"start":{"line":374,"column":22},"end":{"line":374,"column":48}},"106":{"start":{"line":375,"column":28},"end":{"line":375,"column":53}},"107":{"start":{"line":377,"column":24},"end":{"line":377,"column":50}},"108":{"start":{"line":378,"column":6},"end":{"line":380,"column":7}},"109":{"start":{"line":379,"column":8},"end":{"line":379,"column":53}},"110":{"start":{"line":381,"column":6},"end":{"line":381,"column":43}},"111":{"start":{"line":382,"column":6},"end":{"line":382,"column":39}},"112":{"start":{"line":383,"column":6},"end":{"line":383,"column":22}},"113":{"start":{"line":384,"column":6},"end":{"line":384,"column":22}},"114":{"start":{"line":385,"column":6},"end":{"line":385,"column":32}},"115":{"start":{"line":386,"column":6},"end":{"line":386,"column":32}},"116":{"start":{"line":387,"column":6},"end":{"line":387,"column":37}},"117":{"start":{"line":388,"column":6},"end":{"line":388,"column":48}},"118":{"start":{"line":389,"column":6},"end":{"line":389,"column":41}},"119":{"start":{"line":390,"column":6},"end":{"line":390,"column":45}},"120":{"start":{"line":392,"column":6},"end":{"line":395,"column":7}},"121":{"start":{"line":393,"column":8},"end":{"line":393,"column":24}},"122":{"start":{"line":394,"column":8},"end":{"line":394,"column":37}},"123":{"start":{"line":396,"column":6},"end":{"line":396,"column":14}},"124":{"start":{"line":408,"column":20},"end":{"line":408,"column":46}},"125":{"start":{"line":409,"column":26},"end":{"line":409,"column":51}},"126":{"start":{"line":410,"column":14},"end":{"line":410,"column":34}},"127":{"start":{"line":412,"column":4},"end":{"line":414,"column":5}},"128":{"start":{"line":413,"column":6},"end":{"line":413,"column":51}},"129":{"start":{"line":415,"column":4},"end":{"line":417,"column":5}},"130":{"start":{"line":416,"column":6},"end":{"line":416,"column":42}},"131":{"start":{"line":419,"column":4},"end":{"line":419,"column":27}},"132":{"start":{"line":420,"column":4},"end":{"line":420,"column":31}},"133":{"start":{"line":421,"column":4},"end":{"line":421,"column":28}},"134":{"start":{"line":422,"column":22},"end":{"line":422,"column":48}},"135":{"start":{"line":423,"column":4},"end":{"line":423,"column":37}},"136":{"start":{"line":433,"column":26},"end":{"line":433,"column":60}},"137":{"start":{"line":434,"column":21},"end":{"line":434,"column":48}},"138":{"start":{"line":435,"column":20},"end":{"line":435,"column":46}},"139":{"start":{"line":437,"column":16},"end":{"line":437,"column":36}},"140":{"start":{"line":438,"column":4},"end":{"line":440,"column":5}},"141":{"start":{"line":439,"column":6},"end":{"line":439,"column":51}},"142":{"start":{"line":442,"column":18},"end":{"line":442,"column":45}},"143":{"start":{"line":443,"column":4},"end":{"line":443,"column":36}},"144":{"start":{"line":444,"column":4},"end":{"line":444,"column":21}},"145":{"start":{"line":445,"column":4},"end":{"line":445,"column":21}},"146":{"start":{"line":446,"column":4},"end":{"line":446,"column":31}},"147":{"start":{"line":447,"column":4},"end":{"line":447,"column":31}},"148":{"start":{"line":448,"column":4},"end":{"line":448,"column":36}},"149":{"start":{"line":449,"column":4},"end":{"line":449,"column":42}},"150":{"start":{"line":450,"column":4},"end":{"line":450,"column":45}},"151":{"start":{"line":451,"column":4},"end":{"line":451,"column":46}},"152":{"start":{"line":452,"column":4},"end":{"line":452,"column":43}},"153":{"start":{"line":460,"column":21},"end":{"line":460,"column":47}},"154":{"start":{"line":461,"column":26},"end":{"line":461,"column":59}},"155":{"start":{"line":462,"column":28},"end":{"line":462,"column":49}},"156":{"start":{"line":463,"column":19},"end":{"line":463,"column":36}},"157":{"start":{"line":465,"column":18},"end":{"line":465,"column":54}},"158":{"start":{"line":466,"column":4},"end":{"line":466,"column":39}},"159":{"start":{"line":467,"column":4},"end":{"line":467,"column":49}},"160":{"start":{"line":471,"column":21},"end":{"line":471,"column":47}},"161":{"start":{"line":472,"column":26},"end":{"line":472,"column":59}},"162":{"start":{"line":473,"column":28},"end":{"line":473,"column":49}},"163":{"start":{"line":475,"column":18},"end":{"line":475,"column":54}},"164":{"start":{"line":476,"column":19},"end":{"line":476,"column":76}},"165":{"start":{"line":477,"column":14},"end":{"line":477,"column":38}},"166":{"start":{"line":478,"column":4},"end":{"line":478,"column":13}},"167":{"start":{"line":487,"column":21},"end":{"line":487,"column":45}},"168":{"start":{"line":488,"column":25},"end":{"line":488,"column":69}},"169":{"start":{"line":488,"column":46},"end":{"line":488,"column":68}},"170":{"start":{"line":489,"column":24},"end":{"line":489,"column":70}},"171":{"start":{"line":489,"column":47},"end":{"line":489,"column":69}},"172":{"start":{"line":490,"column":28},"end":{"line":490,"column":58}},"173":{"start":{"line":491,"column":4},"end":{"line":491,"column":41}},"174":{"start":{"line":492,"column":4},"end":{"line":492,"column":48}},"175":{"start":{"line":494,"column":17},"end":{"line":494,"column":53}},"176":{"start":{"line":495,"column":4},"end":{"line":495,"column":16}},"177":{"start":{"line":496,"column":4},"end":{"line":496,"column":31}},"178":{"start":{"line":504,"column":4},"end":{"line":518,"column":5}},"179":{"start":{"line":505,"column":6},"end":{"line":505,"column":31}},"180":{"start":{"line":506,"column":6},"end":{"line":506,"column":35}},"181":{"start":{"line":507,"column":6},"end":{"line":507,"column":21}},"182":{"start":{"line":508,"column":6},"end":{"line":508,"column":47}},"183":{"start":{"line":509,"column":6},"end":{"line":509,"column":47}},"184":{"start":{"line":510,"column":6},"end":{"line":510,"column":31}},"185":{"start":{"line":511,"column":6},"end":{"line":517,"column":7}},"186":{"start":{"line":512,"column":24},"end":{"line":512,"column":25}},"187":{"start":{"line":516,"column":8},"end":{"line":516,"column":52}},"188":{"start":{"line":520,"column":4},"end":{"line":520,"column":34}},"189":{"start":{"line":529,"column":20},"end":{"line":529,"column":48}},"190":{"start":{"line":530,"column":21},"end":{"line":530,"column":49}},"191":{"start":{"line":531,"column":4},"end":{"line":531,"column":20}},"192":{"start":{"line":543,"column":4},"end":{"line":547,"column":5}},"193":{"start":{"line":544,"column":6},"end":{"line":544,"column":39}},"194":{"start":{"line":546,"column":6},"end":{"line":546,"column":40}},"195":{"start":{"line":556,"column":24},"end":{"line":556,"column":58}},"196":{"start":{"line":557,"column":23},"end":{"line":557,"column":51}},"197":{"start":{"line":559,"column":34},"end":{"line":559,"column":36}},"198":{"start":{"line":560,"column":4},"end":{"line":567,"column":5}},"199":{"start":{"line":561,"column":30},"end":{"line":561,"column":31}},"200":{"start":{"line":565,"column":34},"end":{"line":565,"column":52}},"201":{"start":{"line":566,"column":6},"end":{"line":566,"column":54}},"202":{"start":{"line":569,"column":4},"end":{"line":569,"column":59}},"203":{"start":{"line":570,"column":23},"end":{"line":570,"column":47}},"204":{"start":{"line":571,"column":4},"end":{"line":571,"column":29}},"205":{"start":{"line":572,"column":4},"end":{"line":572,"column":41}},"206":{"start":{"line":581,"column":24},"end":{"line":581,"column":58}},"207":{"start":{"line":582,"column":23},"end":{"line":582,"column":51}},"208":{"start":{"line":583,"column":30},"end":{"line":583,"column":54}},"209":{"start":{"line":584,"column":4},"end":{"line":584,"column":62}},"210":{"start":{"line":585,"column":27},"end":{"line":585,"column":54}},"211":{"start":{"line":586,"column":4},"end":{"line":589,"column":5}},"212":{"start":{"line":587,"column":6},"end":{"line":587,"column":24}},"213":{"start":{"line":588,"column":6},"end":{"line":588,"column":43}},"214":{"start":{"line":590,"column":29},"end":{"line":590,"column":70}},"215":{"start":{"line":591,"column":31},"end":{"line":591,"column":48}},"216":{"start":{"line":592,"column":4},"end":{"line":599,"column":5}},"217":{"start":{"line":593,"column":24},"end":{"line":593,"column":63}},"218":{"start":{"line":594,"column":6},"end":{"line":597,"column":8}},"219":{"start":{"line":598,"column":6},"end":{"line":598,"column":58}},"220":{"start":{"line":601,"column":4},"end":{"line":601,"column":22}},"221":{"start":{"line":602,"column":4},"end":{"line":602,"column":34}},"222":{"start":{"line":611,"column":22},"end":{"line":611,"column":56}},"223":{"start":{"line":612,"column":27},"end":{"line":612,"column":54}},"224":{"start":{"line":614,"column":4},"end":{"line":617,"column":5}},"225":{"start":{"line":614,"column":27},"end":{"line":614,"column":28}},"226":{"start":{"line":615,"column":27},"end":{"line":615,"column":47}},"227":{"start":{"line":616,"column":6},"end":{"line":616,"column":39}},"228":{"start":{"line":619,"column":4},"end":{"line":653,"column":5}},"229":{"start":{"line":620,"column":34},"end":{"line":623,"column":7}},"230":{"start":{"line":624,"column":35},"end":{"line":633,"column":7}},"231":{"start":{"line":634,"column":27},"end":{"line":634,"column":69}},"232":{"start":{"line":635,"column":34},"end":{"line":635,"column":77}},"233":{"start":{"line":636,"column":24},"end":{"line":638,"column":7}},"234":{"start":{"line":639,"column":6},"end":{"line":641,"column":7}},"235":{"start":{"line":639,"column":29},"end":{"line":639,"column":30}},"236":{"start":{"line":640,"column":8},"end":{"line":640,"column":44}},"237":{"start":{"line":643,"column":28},"end":{"line":643,"column":57}},"238":{"start":{"line":644,"column":19},"end":{"line":644,"column":45}},"239":{"start":{"line":645,"column":6},"end":{"line":645,"column":33}},"240":{"start":{"line":647,"column":6},"end":{"line":647,"column":57}},"241":{"start":{"line":649,"column":6},"end":{"line":652,"column":7}},"242":{"start":{"line":650,"column":8},"end":{"line":650,"column":49}},"243":{"start":{"line":651,"column":8},"end":{"line":651,"column":38}},"244":{"start":{"line":654,"column":4},"end":{"line":675,"column":5}},"245":{"start":{"line":655,"column":42},"end":{"line":661,"column":7}},"246":{"start":{"line":662,"column":34},"end":{"line":662,"column":77}},"247":{"start":{"line":663,"column":19},"end":{"line":663,"column":45}},"248":{"start":{"line":664,"column":6},"end":{"line":668,"column":8}},"249":{"start":{"line":669,"column":6},"end":{"line":669,"column":57}},"250":{"start":{"line":671,"column":6},"end":{"line":674,"column":7}},"251":{"start":{"line":672,"column":8},"end":{"line":672,"column":49}},"252":{"start":{"line":673,"column":8},"end":{"line":673,"column":38}},"253":{"start":{"line":676,"column":4},"end":{"line":685,"column":5}},"254":{"start":{"line":677,"column":6},"end":{"line":683,"column":7}},"255":{"start":{"line":678,"column":24},"end":{"line":678,"column":55}},"256":{"start":{"line":682,"column":8},"end":{"line":682,"column":59}},"257":{"start":{"line":684,"column":6},"end":{"line":684,"column":36}},"258":{"start":{"line":689,"column":23},"end":{"line":689,"column":49}},"259":{"start":{"line":690,"column":19},"end":{"line":690,"column":45}},"260":{"start":{"line":691,"column":4},"end":{"line":701,"column":5}},"261":{"start":{"line":692,"column":23},"end":{"line":692,"column":24}},"262":{"start":{"line":696,"column":20},"end":{"line":696,"column":53}},"263":{"start":{"line":697,"column":6},"end":{"line":700,"column":8}},"264":{"start":{"line":703,"column":4},"end":{"line":711,"column":5}},"265":{"start":{"line":703,"column":25},"end":{"line":703,"column":26}},"266":{"start":{"line":704,"column":19},"end":{"line":704,"column":36}},"267":{"start":{"line":706,"column":6},"end":{"line":710,"column":7}},"268":{"start":{"line":706,"column":26},"end":{"line":706,"column":27}},"269":{"start":{"line":707,"column":8},"end":{"line":709,"column":9}},"270":{"start":{"line":708,"column":10},"end":{"line":708,"column":42}},"271":{"start":{"line":720,"column":4},"end":{"line":720,"column":42}},"272":{"start":{"line":720,"column":35},"end":{"line":720,"column":42}},"273":{"start":{"line":722,"column":22},"end":{"line":722,"column":56}},"274":{"start":{"line":723,"column":4},"end":{"line":728,"column":5}},"275":{"start":{"line":724,"column":6},"end":{"line":724,"column":64}},"276":{"start":{"line":725,"column":6},"end":{"line":727,"column":7}},"277":{"start":{"line":726,"column":8},"end":{"line":726,"column":45}},"278":{"start":{"line":730,"column":4},"end":{"line":734,"column":5}},"279":{"start":{"line":731,"column":6},"end":{"line":731,"column":57}},"280":{"start":{"line":732,"column":6},"end":{"line":732,"column":49}},"281":{"start":{"line":733,"column":6},"end":{"line":733,"column":45}},"282":{"start":{"line":736,"column":32},"end":{"line":736,"column":75}},"283":{"start":{"line":737,"column":4},"end":{"line":749,"column":5}},"284":{"start":{"line":738,"column":22},"end":{"line":738,"column":42}},"285":{"start":{"line":739,"column":27},"end":{"line":739,"column":52}},"286":{"start":{"line":740,"column":21},"end":{"line":740,"column":78}},"287":{"start":{"line":742,"column":6},"end":{"line":742,"column":52}},"288":{"start":{"line":744,"column":6},"end":{"line":744,"column":20}},"289":{"start":{"line":745,"column":6},"end":{"line":748,"column":7}},"290":{"start":{"line":746,"column":8},"end":{"line":746,"column":74}},"291":{"start":{"line":747,"column":8},"end":{"line":747,"column":45}},"292":{"start":{"line":750,"column":4},"end":{"line":750,"column":70}},"293":{"start":{"line":752,"column":4},"end":{"line":756,"column":5}},"294":{"start":{"line":753,"column":6},"end":{"line":753,"column":57}},"295":{"start":{"line":754,"column":6},"end":{"line":754,"column":49}},"296":{"start":{"line":755,"column":6},"end":{"line":755,"column":45}},"297":{"start":{"line":758,"column":32},"end":{"line":758,"column":75}},"298":{"start":{"line":759,"column":37},"end":{"line":759,"column":38}},"299":{"start":{"line":760,"column":4},"end":{"line":812,"column":5}},"300":{"start":{"line":767,"column":8},"end":{"line":771,"column":9}},"301":{"start":{"line":772,"column":39},"end":{"line":775,"column":7}},"302":{"start":{"line":776,"column":34},"end":{"line":776,"column":78}},"303":{"start":{"line":778,"column":6},"end":{"line":785,"column":7}},"304":{"start":{"line":779,"column":8},"end":{"line":779,"column":60}},"305":{"start":{"line":780,"column":8},"end":{"line":780,"column":52}},"306":{"start":{"line":781,"column":8},"end":{"line":781,"column":48}},"307":{"start":{"line":783,"column":8},"end":{"line":783,"column":77}},"308":{"start":{"line":784,"column":8},"end":{"line":784,"column":68}},"309":{"start":{"line":787,"column":34},"end":{"line":787,"column":79}},"310":{"start":{"line":788,"column":6},"end":{"line":808,"column":7}},"311":{"start":{"line":794,"column":24},"end":{"line":794,"column":44}},"312":{"start":{"line":795,"column":29},"end":{"line":795,"column":54}},"313":{"start":{"line":797,"column":10},"end":{"line":798,"column":75}},"314":{"start":{"line":799,"column":8},"end":{"line":799,"column":54}},"315":{"start":{"line":801,"column":8},"end":{"line":801,"column":22}},"316":{"start":{"line":803,"column":8},"end":{"line":807,"column":9}},"317":{"start":{"line":804,"column":10},"end":{"line":804,"column":78}},"318":{"start":{"line":805,"column":10},"end":{"line":805,"column":76}},"319":{"start":{"line":806,"column":10},"end":{"line":806,"column":47}},"320":{"start":{"line":809,"column":6},"end":{"line":809,"column":74}},"321":{"start":{"line":811,"column":6},"end":{"line":811,"column":33}},"322":{"start":{"line":813,"column":4},"end":{"line":813,"column":70}},"323":{"start":{"line":814,"column":4},"end":{"line":814,"column":34}},"324":{"start":{"line":816,"column":4},"end":{"line":816,"column":50}},"325":{"start":{"line":829,"column":21},"end":{"line":829,"column":45}},"326":{"start":{"line":830,"column":29},"end":{"line":832,"column":5}},"327":{"start":{"line":831,"column":18},"end":{"line":831,"column":45}},"328":{"start":{"line":833,"column":4},"end":{"line":835,"column":5}},"329":{"start":{"line":834,"column":6},"end":{"line":834,"column":35}},"330":{"start":{"line":836,"column":22},"end":{"line":836,"column":52}},"331":{"start":{"line":837,"column":26},"end":{"line":837,"column":52}},"332":{"start":{"line":838,"column":4},"end":{"line":838,"column":48}},"333":{"start":{"line":839,"column":4},"end":{"line":839,"column":28}},"334":{"start":{"line":840,"column":4},"end":{"line":840,"column":60}},"335":{"start":{"line":841,"column":4},"end":{"line":841,"column":16}},"336":{"start":{"line":842,"column":4},"end":{"line":842,"column":33}},"337":{"start":{"line":854,"column":21},"end":{"line":854,"column":36}},"338":{"start":{"line":855,"column":4},"end":{"line":863,"column":5}},"339":{"start":{"line":856,"column":6},"end":{"line":862,"column":7}},"340":{"start":{"line":857,"column":8},"end":{"line":857,"column":54}},"341":{"start":{"line":857,"column":47},"end":{"line":857,"column":54}},"342":{"start":{"line":858,"column":8},"end":{"line":858,"column":48}},"343":{"start":{"line":858,"column":41},"end":{"line":858,"column":48}},"344":{"start":{"line":860,"column":8},"end":{"line":860,"column":27}},"345":{"start":{"line":861,"column":8},"end":{"line":861,"column":21}},"346":{"start":{"line":864,"column":4},"end":{"line":878,"column":5}},"347":{"start":{"line":869,"column":34},"end":{"line":869,"column":77}},"348":{"start":{"line":870,"column":24},"end":{"line":870,"column":65}},"349":{"start":{"line":871,"column":6},"end":{"line":877,"column":7}},"350":{"start":{"line":872,"column":8},"end":{"line":872,"column":54}},"351":{"start":{"line":872,"column":47},"end":{"line":872,"column":54}},"352":{"start":{"line":873,"column":8},"end":{"line":873,"column":48}},"353":{"start":{"line":873,"column":41},"end":{"line":873,"column":48}},"354":{"start":{"line":875,"column":8},"end":{"line":875,"column":27}},"355":{"start":{"line":876,"column":8},"end":{"line":876,"column":21}},"356":{"start":{"line":879,"column":4},"end":{"line":903,"column":5}},"357":{"start":{"line":885,"column":34},"end":{"line":885,"column":77}},"358":{"start":{"line":886,"column":38},"end":{"line":886,"column":79}},"359":{"start":{"line":888,"column":6},"end":{"line":902,"column":7}},"360":{"start":{"line":889,"column":8},"end":{"line":889,"column":63}},"361":{"start":{"line":889,"column":56},"end":{"line":889,"column":63}},"362":{"start":{"line":891,"column":36},"end":{"line":893,"column":9}},"363":{"start":{"line":894,"column":26},"end":{"line":894,"column":67}},"364":{"start":{"line":895,"column":8},"end":{"line":901,"column":9}},"365":{"start":{"line":896,"column":10},"end":{"line":896,"column":56}},"366":{"start":{"line":896,"column":49},"end":{"line":896,"column":56}},"367":{"start":{"line":897,"column":10},"end":{"line":897,"column":50}},"368":{"start":{"line":897,"column":43},"end":{"line":897,"column":50}},"369":{"start":{"line":899,"column":10},"end":{"line":899,"column":29}},"370":{"start":{"line":900,"column":10},"end":{"line":900,"column":23}},"371":{"start":{"line":915,"column":4},"end":{"line":917,"column":5}},"372":{"start":{"line":916,"column":6},"end":{"line":916,"column":30}},"373":{"start":{"line":919,"column":28},"end":{"line":919,"column":70}},"374":{"start":{"line":921,"column":6},"end":{"line":921,"column":70}},"375":{"start":{"line":923,"column":22},"end":{"line":923,"column":23}},"376":{"start":{"line":924,"column":28},"end":{"line":924,"column":43}},"377":{"start":{"line":926,"column":4},"end":{"line":952,"column":5}},"378":{"start":{"line":931,"column":6},"end":{"line":936,"column":7}},"379":{"start":{"line":932,"column":8},"end":{"line":932,"column":51}},"380":{"start":{"line":933,"column":8},"end":{"line":933,"column":43}},"381":{"start":{"line":934,"column":8},"end":{"line":934,"column":39}},"382":{"start":{"line":935,"column":8},"end":{"line":935,"column":73}},"383":{"start":{"line":938,"column":28},"end":{"line":938,"column":58}},"384":{"start":{"line":939,"column":32},"end":{"line":942,"column":7}},"385":{"start":{"line":943,"column":18},"end":{"line":943,"column":79}},"386":{"start":{"line":945,"column":18},"end":{"line":945,"column":53}},"387":{"start":{"line":946,"column":6},"end":{"line":946,"column":36}},"388":{"start":{"line":947,"column":6},"end":{"line":947,"column":50}},"389":{"start":{"line":949,"column":6},"end":{"line":949,"column":39}},"390":{"start":{"line":950,"column":6},"end":{"line":950,"column":28}},"391":{"start":{"line":951,"column":6},"end":{"line":951,"column":26}},"392":{"start":{"line":962,"column":4},"end":{"line":992,"column":5}},"393":{"start":{"line":964,"column":6},"end":{"line":964,"column":53}},"394":{"start":{"line":965,"column":6},"end":{"line":965,"column":36}},"395":{"start":{"line":966,"column":11},"end":{"line":992,"column":5}},"396":{"start":{"line":968,"column":29},"end":{"line":968,"column":72}},"397":{"start":{"line":969,"column":24},"end":{"line":969,"column":60}},"398":{"start":{"line":970,"column":6},"end":{"line":970,"column":43}},"399":{"start":{"line":971,"column":19},"end":{"line":971,"column":46}},"400":{"start":{"line":972,"column":6},"end":{"line":972,"column":57}},"401":{"start":{"line":975,"column":34},"end":{"line":978,"column":7}},"402":{"start":{"line":980,"column":8},"end":{"line":981,"column":26}},"403":{"start":{"line":983,"column":29},"end":{"line":983,"column":72}},"404":{"start":{"line":984,"column":38},"end":{"line":984,"column":74}},"405":{"start":{"line":986,"column":8},"end":{"line":986,"column":52}},"406":{"start":{"line":987,"column":29},"end":{"line":987,"column":73}},"407":{"start":{"line":988,"column":24},"end":{"line":988,"column":60}},"408":{"start":{"line":989,"column":6},"end":{"line":989,"column":45}},"409":{"start":{"line":990,"column":19},"end":{"line":990,"column":46}},"410":{"start":{"line":991,"column":6},"end":{"line":991,"column":58}},"411":{"start":{"line":1007,"column":4},"end":{"line":1009,"column":5}},"412":{"start":{"line":1008,"column":6},"end":{"line":1008,"column":30}},"413":{"start":{"line":1011,"column":19},"end":{"line":1011,"column":39}},"414":{"start":{"line":1013,"column":28},"end":{"line":1013,"column":70}},"415":{"start":{"line":1015,"column":6},"end":{"line":1015,"column":61}},"416":{"start":{"line":1017,"column":20},"end":{"line":1017,"column":21}},"417":{"start":{"line":1018,"column":4},"end":{"line":1042,"column":5}},"418":{"start":{"line":1023,"column":28},"end":{"line":1023,"column":58}},"419":{"start":{"line":1024,"column":31},"end":{"line":1027,"column":7}},"420":{"start":{"line":1029,"column":18},"end":{"line":1029,"column":22}},"421":{"start":{"line":1030,"column":6},"end":{"line":1034,"column":7}},"422":{"start":{"line":1031,"column":8},"end":{"line":1031,"column":43}},"423":{"start":{"line":1033,"column":8},"end":{"line":1033,"column":51}},"424":{"start":{"line":1035,"column":6},"end":{"line":1038,"column":8}},"425":{"start":{"line":1040,"column":6},"end":{"line":1040,"column":36}},"426":{"start":{"line":1041,"column":6},"end":{"line":1041,"column":26}},"427":{"start":{"line":1044,"column":4},"end":{"line":1044,"column":18}},"428":{"start":{"line":1053,"column":4},"end":{"line":1053,"column":61}},"429":{"start":{"line":1062,"column":4},"end":{"line":1062,"column":60}},"430":{"start":{"line":1071,"column":14},"end":{"line":1071,"column":26}},"431":{"start":{"line":1072,"column":4},"end":{"line":1077,"column":5}},"432":{"start":{"line":1072,"column":19},"end":{"line":1072,"column":20}},"433":{"start":{"line":1073,"column":20},"end":{"line":1073,"column":43}},"434":{"start":{"line":1074,"column":6},"end":{"line":1076,"column":7}},"435":{"start":{"line":1075,"column":8},"end":{"line":1075,"column":21}},"436":{"start":{"line":1079,"column":4},"end":{"line":1079,"column":51}},"437":{"start":{"line":1087,"column":25},"end":{"line":1087,"column":55}},"438":{"start":{"line":1088,"column":25},"end":{"line":1088,"column":62}},"439":{"start":{"line":1089,"column":30},"end":{"line":1089,"column":66}},"440":{"start":{"line":1090,"column":32},"end":{"line":1090,"column":57}},"441":{"start":{"line":1091,"column":23},"end":{"line":1091,"column":44}},"442":{"start":{"line":1092,"column":18},"end":{"line":1092,"column":58}},"443":{"start":{"line":1093,"column":4},"end":{"line":1093,"column":47}},"444":{"start":{"line":1094,"column":4},"end":{"line":1094,"column":53}},"445":{"start":{"line":1098,"column":29},"end":{"line":1098,"column":68}},"446":{"start":{"line":1099,"column":28},"end":{"line":1099,"column":67}},"447":{"start":{"line":1100,"column":27},"end":{"line":1100,"column":41}},"448":{"start":{"line":1102,"column":18},"end":{"line":1102,"column":57}},"449":{"start":{"line":1103,"column":4},"end":{"line":1103,"column":50}},"450":{"start":{"line":1104,"column":4},"end":{"line":1104,"column":52}},"451":{"start":{"line":1108,"column":29},"end":{"line":1108,"column":68}},"452":{"start":{"line":1109,"column":28},"end":{"line":1109,"column":67}},"453":{"start":{"line":1110,"column":27},"end":{"line":1110,"column":41}},"454":{"start":{"line":1112,"column":18},"end":{"line":1112,"column":57}},"455":{"start":{"line":1113,"column":4},"end":{"line":1113,"column":53}},"456":{"start":{"line":1114,"column":4},"end":{"line":1114,"column":52}},"457":{"start":{"line":1118,"column":17},"end":{"line":1118,"column":51}},"458":{"start":{"line":1119,"column":4},"end":{"line":1119,"column":47}}},"fnMap":{"0":{"name":"(anonymous_0)","decl":{"start":{"line":53,"column":2},"end":{"line":53,"column":3}},"loc":{"start":{"line":53,"column":22},"end":{"line":56,"column":3}},"line":53},"1":{"name":"(anonymous_1)","decl":{"start":{"line":63,"column":2},"end":{"line":63,"column":3}},"loc":{"start":{"line":63,"column":10},"end":{"line":102,"column":3}},"line":63},"2":{"name":"(anonymous_2)","decl":{"start":{"line":115,"column":2},"end":{"line":115,"column":3}},"loc":{"start":{"line":115,"column":29},"end":{"line":129,"column":3}},"line":115},"3":{"name":"(anonymous_3)","decl":{"start":{"line":137,"column":2},"end":{"line":137,"column":3}},"loc":{"start":{"line":137,"column":19},"end":{"line":152,"column":3}},"line":137},"4":{"name":"(anonymous_4)","decl":{"start":{"line":161,"column":2},"end":{"line":161,"column":3}},"loc":{"start":{"line":161,"column":19},"end":{"line":182,"column":3}},"line":161},"5":{"name":"(anonymous_5)","decl":{"start":{"line":192,"column":2},"end":{"line":192,"column":3}},"loc":{"start":{"line":192,"column":21},"end":{"line":206,"column":3}},"line":192},"6":{"name":"(anonymous_6)","decl":{"start":{"line":217,"column":2},"end":{"line":217,"column":3}},"loc":{"start":{"line":222,"column":4},"end":{"line":259,"column":3}},"line":222},"7":{"name":"(anonymous_7)","decl":{"start":{"line":269,"column":2},"end":{"line":269,"column":3}},"loc":{"start":{"line":269,"column":25},"end":{"line":275,"column":3}},"line":269},"8":{"name":"(anonymous_8)","decl":{"start":{"line":284,"column":2},"end":{"line":284,"column":3}},"loc":{"start":{"line":284,"column":17},"end":{"line":293,"column":3}},"line":284},"9":{"name":"(anonymous_9)","decl":{"start":{"line":301,"column":2},"end":{"line":301,"column":3}},"loc":{"start":{"line":301,"column":22},"end":{"line":303,"column":3}},"line":301},"10":{"name":"(anonymous_10)","decl":{"start":{"line":317,"column":2},"end":{"line":317,"column":3}},"loc":{"start":{"line":317,"column":35},"end":{"line":325,"column":3}},"line":317},"11":{"name":"(anonymous_11)","decl":{"start":{"line":337,"column":2},"end":{"line":337,"column":3}},"loc":{"start":{"line":337,"column":38},"end":{"line":345,"column":3}},"line":337},"12":{"name":"(anonymous_12)","decl":{"start":{"line":356,"column":2},"end":{"line":356,"column":3}},"loc":{"start":{"line":356,"column":27},"end":{"line":363,"column":3}},"line":356},"13":{"name":"(anonymous_13)","decl":{"start":{"line":370,"column":2},"end":{"line":370,"column":3}},"loc":{"start":{"line":370,"column":17},"end":{"line":398,"column":3}},"line":370},"14":{"name":"(anonymous_14)","decl":{"start":{"line":407,"column":2},"end":{"line":407,"column":3}},"loc":{"start":{"line":407,"column":17},"end":{"line":424,"column":3}},"line":407},"15":{"name":"(anonymous_15)","decl":{"start":{"line":432,"column":2},"end":{"line":432,"column":3}},"loc":{"start":{"line":432,"column":30},"end":{"line":453,"column":3}},"line":432},"16":{"name":"(anonymous_16)","decl":{"start":{"line":459,"column":2},"end":{"line":459,"column":3}},"loc":{"start":{"line":459,"column":11},"end":{"line":468,"column":3}},"line":459},"17":{"name":"(anonymous_17)","decl":{"start":{"line":470,"column":2},"end":{"line":470,"column":3}},"loc":{"start":{"line":470,"column":10},"end":{"line":479,"column":3}},"line":470},"18":{"name":"(anonymous_18)","decl":{"start":{"line":486,"column":2},"end":{"line":486,"column":3}},"loc":{"start":{"line":486,"column":25},"end":{"line":497,"column":3}},"line":486},"19":{"name":"(anonymous_19)","decl":{"start":{"line":488,"column":39},"end":{"line":488,"column":40}},"loc":{"start":{"line":488,"column":46},"end":{"line":488,"column":68}},"line":488},"20":{"name":"(anonymous_20)","decl":{"start":{"line":489,"column":40},"end":{"line":489,"column":41}},"loc":{"start":{"line":489,"column":47},"end":{"line":489,"column":69}},"line":489},"21":{"name":"(anonymous_21)","decl":{"start":{"line":503,"column":2},"end":{"line":503,"column":3}},"loc":{"start":{"line":503,"column":25},"end":{"line":521,"column":3}},"line":503},"22":{"name":"(anonymous_22)","decl":{"start":{"line":528,"column":2},"end":{"line":528,"column":3}},"loc":{"start":{"line":528,"column":22},"end":{"line":532,"column":3}},"line":528},"23":{"name":"(anonymous_23)","decl":{"start":{"line":542,"column":2},"end":{"line":542,"column":3}},"loc":{"start":{"line":542,"column":25},"end":{"line":548,"column":3}},"line":542},"24":{"name":"(anonymous_24)","decl":{"start":{"line":555,"column":2},"end":{"line":555,"column":3}},"loc":{"start":{"line":555,"column":30},"end":{"line":573,"column":3}},"line":555},"25":{"name":"(anonymous_25)","decl":{"start":{"line":580,"column":2},"end":{"line":580,"column":3}},"loc":{"start":{"line":580,"column":31},"end":{"line":603,"column":3}},"line":580},"26":{"name":"(anonymous_26)","decl":{"start":{"line":610,"column":2},"end":{"line":610,"column":3}},"loc":{"start":{"line":610,"column":55},"end":{"line":686,"column":3}},"line":610},"27":{"name":"(anonymous_27)","decl":{"start":{"line":688,"column":2},"end":{"line":688,"column":3}},"loc":{"start":{"line":688,"column":25},"end":{"line":712,"column":3}},"line":688},"28":{"name":"(anonymous_28)","decl":{"start":{"line":719,"column":2},"end":{"line":719,"column":3}},"loc":{"start":{"line":719,"column":44},"end":{"line":817,"column":3}},"line":719},"29":{"name":"(anonymous_29)","decl":{"start":{"line":828,"column":2},"end":{"line":828,"column":3}},"loc":{"start":{"line":828,"column":32},"end":{"line":843,"column":3}},"line":828},"30":{"name":"(anonymous_30)","decl":{"start":{"line":831,"column":6},"end":{"line":831,"column":7}},"loc":{"start":{"line":831,"column":18},"end":{"line":831,"column":45}},"line":831},"31":{"name":"(anonymous_31)","decl":{"start":{"line":853,"column":2},"end":{"line":853,"column":3}},"loc":{"start":{"line":853,"column":62},"end":{"line":904,"column":3}},"line":853},"32":{"name":"(anonymous_32)","decl":{"start":{"line":914,"column":2},"end":{"line":914,"column":3}},"loc":{"start":{"line":914,"column":32},"end":{"line":953,"column":3}},"line":914},"33":{"name":"(anonymous_33)","decl":{"start":{"line":961,"column":2},"end":{"line":961,"column":3}},"loc":{"start":{"line":961,"column":55},"end":{"line":993,"column":3}},"line":961},"34":{"name":"(anonymous_34)","decl":{"start":{"line":1006,"column":2},"end":{"line":1006,"column":3}},"loc":{"start":{"line":1006,"column":29},"end":{"line":1045,"column":3}},"line":1006},"35":{"name":"(anonymous_35)","decl":{"start":{"line":1052,"column":2},"end":{"line":1052,"column":3}},"loc":{"start":{"line":1052,"column":25},"end":{"line":1054,"column":3}},"line":1052},"36":{"name":"(anonymous_36)","decl":{"start":{"line":1061,"column":2},"end":{"line":1061,"column":3}},"loc":{"start":{"line":1061,"column":24},"end":{"line":1063,"column":3}},"line":1061},"37":{"name":"(anonymous_37)","decl":{"start":{"line":1070,"column":2},"end":{"line":1070,"column":3}},"loc":{"start":{"line":1070,"column":25},"end":{"line":1080,"column":3}},"line":1070},"38":{"name":"(anonymous_38)","decl":{"start":{"line":1086,"column":2},"end":{"line":1086,"column":3}},"loc":{"start":{"line":1086,"column":27},"end":{"line":1095,"column":3}},"line":1086},"39":{"name":"(anonymous_39)","decl":{"start":{"line":1097,"column":2},"end":{"line":1097,"column":3}},"loc":{"start":{"line":1097,"column":30},"end":{"line":1105,"column":3}},"line":1097},"40":{"name":"(anonymous_40)","decl":{"start":{"line":1107,"column":2},"end":{"line":1107,"column":3}},"loc":{"start":{"line":1107,"column":28},"end":{"line":1115,"column":3}},"line":1107},"41":{"name":"(anonymous_41)","decl":{"start":{"line":1117,"column":2},"end":{"line":1117,"column":3}},"loc":{"start":{"line":1117,"column":28},"end":{"line":1120,"column":3}},"line":1117}},"branchMap":{"0":{"loc":{"start":{"line":122,"column":4},"end":{"line":124,"column":5}},"type":"if","locations":[{"start":{"line":122,"column":4},"end":{"line":124,"column":5}},{"start":{},"end":{}}],"line":122},"1":{"loc":{"start":{"line":145,"column":4},"end":{"line":147,"column":5}},"type":"if","locations":[{"start":{"line":145,"column":4},"end":{"line":147,"column":5}},{"start":{},"end":{}}],"line":145},"2":{"loc":{"start":{"line":171,"column":4},"end":{"line":173,"column":5}},"type":"if","locations":[{"start":{"line":171,"column":4},"end":{"line":173,"column":5}},{"start":{},"end":{}}],"line":171},"3":{"loc":{"start":{"line":219,"column":4},"end":{"line":219,"column":26}},"type":"default-arg","locations":[{"start":{"line":219,"column":21},"end":{"line":219,"column":26}}],"line":219},"4":{"loc":{"start":{"line":220,"column":4},"end":{"line":220,"column":23}},"type":"default-arg","locations":[{"start":{"line":220,"column":19},"end":{"line":220,"column":23}}],"line":220},"5":{"loc":{"start":{"line":221,"column":4},"end":{"line":221,"column":24}},"type":"default-arg","locations":[{"start":{"line":221,"column":20},"end":{"line":221,"column":24}}],"line":221},"6":{"loc":{"start":{"line":223,"column":4},"end":{"line":225,"column":5}},"type":"if","locations":[{"start":{"line":223,"column":4},"end":{"line":225,"column":5}},{"start":{},"end":{}}],"line":223},"7":{"loc":{"start":{"line":226,"column":4},"end":{"line":228,"column":5}},"type":"if","locations":[{"start":{"line":226,"column":4},"end":{"line":228,"column":5}},{"start":{},"end":{}}],"line":226},"8":{"loc":{"start":{"line":230,"column":4},"end":{"line":230,"column":54}},"type":"if","locations":[{"start":{"line":230,"column":4},"end":{"line":230,"column":54}},{"start":{},"end":{}}],"line":230},"9":{"loc":{"start":{"line":231,"column":4},"end":{"line":231,"column":45}},"type":"if","locations":[{"start":{"line":231,"column":4},"end":{"line":231,"column":45}},{"start":{},"end":{}}],"line":231},"10":{"loc":{"start":{"line":236,"column":6},"end":{"line":238,"column":65}},"type":"cond-expr","locations":[{"start":{"line":237,"column":10},"end":{"line":237,"column":23}},{"start":{"line":238,"column":10},"end":{"line":238,"column":65}}],"line":236},"11":{"loc":{"start":{"line":241,"column":6},"end":{"line":255,"column":7}},"type":"if","locations":[{"start":{"line":241,"column":6},"end":{"line":255,"column":7}},{"start":{},"end":{}}],"line":241},"12":{"loc":{"start":{"line":243,"column":8},"end":{"line":245,"column":9}},"type":"if","locations":[{"start":{"line":243,"column":8},"end":{"line":245,"column":9}},{"start":{},"end":{}}],"line":243},"13":{"loc":{"start":{"line":243,"column":12},"end":{"line":243,"column":60}},"type":"binary-expr","locations":[{"start":{"line":243,"column":12},"end":{"line":243,"column":41}},{"start":{"line":243,"column":45},"end":{"line":243,"column":60}}],"line":243},"14":{"loc":{"start":{"line":247,"column":8},"end":{"line":252,"column":9}},"type":"if","locations":[{"start":{"line":247,"column":8},"end":{"line":252,"column":9}},{"start":{},"end":{}}],"line":247},"15":{"loc":{"start":{"line":271,"column":4},"end":{"line":273,"column":5}},"type":"if","locations":[{"start":{"line":271,"column":4},"end":{"line":273,"column":5}},{"start":{},"end":{}}],"line":271},"16":{"loc":{"start":{"line":286,"column":4},"end":{"line":288,"column":5}},"type":"if","locations":[{"start":{"line":286,"column":4},"end":{"line":288,"column":5}},{"start":{},"end":{}}],"line":286},"17":{"loc":{"start":{"line":319,"column":4},"end":{"line":321,"column":5}},"type":"if","locations":[{"start":{"line":319,"column":4},"end":{"line":321,"column":5}},{"start":{},"end":{}}],"line":319},"18":{"loc":{"start":{"line":339,"column":4},"end":{"line":341,"column":5}},"type":"if","locations":[{"start":{"line":339,"column":4},"end":{"line":341,"column":5}},{"start":{},"end":{}}],"line":339},"19":{"loc":{"start":{"line":358,"column":4},"end":{"line":360,"column":5}},"type":"if","locations":[{"start":{"line":358,"column":4},"end":{"line":360,"column":5}},{"start":{},"end":{}}],"line":358},"20":{"loc":{"start":{"line":378,"column":6},"end":{"line":380,"column":7}},"type":"if","locations":[{"start":{"line":378,"column":6},"end":{"line":380,"column":7}},{"start":{},"end":{}}],"line":378},"21":{"loc":{"start":{"line":392,"column":6},"end":{"line":395,"column":7}},"type":"if","locations":[{"start":{"line":392,"column":6},"end":{"line":395,"column":7}},{"start":{},"end":{}}],"line":392},"22":{"loc":{"start":{"line":412,"column":4},"end":{"line":414,"column":5}},"type":"if","locations":[{"start":{"line":412,"column":4},"end":{"line":414,"column":5}},{"start":{},"end":{}}],"line":412},"23":{"loc":{"start":{"line":415,"column":4},"end":{"line":417,"column":5}},"type":"if","locations":[{"start":{"line":415,"column":4},"end":{"line":417,"column":5}},{"start":{},"end":{}}],"line":415},"24":{"loc":{"start":{"line":438,"column":4},"end":{"line":440,"column":5}},"type":"if","locations":[{"start":{"line":438,"column":4},"end":{"line":440,"column":5}},{"start":{},"end":{}}],"line":438},"25":{"loc":{"start":{"line":504,"column":4},"end":{"line":518,"column":5}},"type":"if","locations":[{"start":{"line":504,"column":4},"end":{"line":518,"column":5}},{"start":{},"end":{}}],"line":504},"26":{"loc":{"start":{"line":543,"column":4},"end":{"line":547,"column":5}},"type":"if","locations":[{"start":{"line":543,"column":4},"end":{"line":547,"column":5}},{"start":{"line":545,"column":11},"end":{"line":547,"column":5}}],"line":543},"27":{"loc":{"start":{"line":586,"column":4},"end":{"line":589,"column":5}},"type":"if","locations":[{"start":{"line":586,"column":4},"end":{"line":589,"column":5}},{"start":{},"end":{}}],"line":586},"28":{"loc":{"start":{"line":592,"column":4},"end":{"line":599,"column":5}},"type":"if","locations":[{"start":{"line":592,"column":4},"end":{"line":599,"column":5}},{"start":{},"end":{}}],"line":592},"29":{"loc":{"start":{"line":619,"column":4},"end":{"line":653,"column":5}},"type":"if","locations":[{"start":{"line":619,"column":4},"end":{"line":653,"column":5}},{"start":{},"end":{}}],"line":619},"30":{"loc":{"start":{"line":649,"column":6},"end":{"line":652,"column":7}},"type":"if","locations":[{"start":{"line":649,"column":6},"end":{"line":652,"column":7}},{"start":{},"end":{}}],"line":649},"31":{"loc":{"start":{"line":654,"column":4},"end":{"line":675,"column":5}},"type":"if","locations":[{"start":{"line":654,"column":4},"end":{"line":675,"column":5}},{"start":{},"end":{}}],"line":654},"32":{"loc":{"start":{"line":671,"column":6},"end":{"line":674,"column":7}},"type":"if","locations":[{"start":{"line":671,"column":6},"end":{"line":674,"column":7}},{"start":{},"end":{}}],"line":671},"33":{"loc":{"start":{"line":676,"column":4},"end":{"line":685,"column":5}},"type":"if","locations":[{"start":{"line":676,"column":4},"end":{"line":685,"column":5}},{"start":{},"end":{}}],"line":676},"34":{"loc":{"start":{"line":707,"column":8},"end":{"line":709,"column":9}},"type":"if","locations":[{"start":{"line":707,"column":8},"end":{"line":709,"column":9}},{"start":{},"end":{}}],"line":707},"35":{"loc":{"start":{"line":720,"column":4},"end":{"line":720,"column":42}},"type":"if","locations":[{"start":{"line":720,"column":4},"end":{"line":720,"column":42}},{"start":{},"end":{}}],"line":720},"36":{"loc":{"start":{"line":725,"column":6},"end":{"line":727,"column":7}},"type":"if","locations":[{"start":{"line":725,"column":6},"end":{"line":727,"column":7}},{"start":{},"end":{}}],"line":725},"37":{"loc":{"start":{"line":730,"column":4},"end":{"line":734,"column":5}},"type":"if","locations":[{"start":{"line":730,"column":4},"end":{"line":734,"column":5}},{"start":{},"end":{}}],"line":730},"38":{"loc":{"start":{"line":745,"column":6},"end":{"line":748,"column":7}},"type":"if","locations":[{"start":{"line":745,"column":6},"end":{"line":748,"column":7}},{"start":{},"end":{}}],"line":745},"39":{"loc":{"start":{"line":752,"column":4},"end":{"line":756,"column":5}},"type":"if","locations":[{"start":{"line":752,"column":4},"end":{"line":756,"column":5}},{"start":{},"end":{}}],"line":752},"40":{"loc":{"start":{"line":778,"column":6},"end":{"line":785,"column":7}},"type":"if","locations":[{"start":{"line":778,"column":6},"end":{"line":785,"column":7}},{"start":{},"end":{}}],"line":778},"41":{"loc":{"start":{"line":803,"column":8},"end":{"line":807,"column":9}},"type":"if","locations":[{"start":{"line":803,"column":8},"end":{"line":807,"column":9}},{"start":{},"end":{}}],"line":803},"42":{"loc":{"start":{"line":833,"column":4},"end":{"line":835,"column":5}},"type":"if","locations":[{"start":{"line":833,"column":4},"end":{"line":835,"column":5}},{"start":{},"end":{}}],"line":833},"43":{"loc":{"start":{"line":853,"column":21},"end":{"line":853,"column":40}},"type":"default-arg","locations":[{"start":{"line":853,"column":39},"end":{"line":853,"column":40}}],"line":853},"44":{"loc":{"start":{"line":853,"column":42},"end":{"line":853,"column":60}},"type":"default-arg","locations":[{"start":{"line":853,"column":58},"end":{"line":853,"column":60}}],"line":853},"45":{"loc":{"start":{"line":855,"column":4},"end":{"line":863,"column":5}},"type":"if","locations":[{"start":{"line":855,"column":4},"end":{"line":863,"column":5}},{"start":{},"end":{}}],"line":855},"46":{"loc":{"start":{"line":857,"column":8},"end":{"line":857,"column":54}},"type":"if","locations":[{"start":{"line":857,"column":8},"end":{"line":857,"column":54}},{"start":{},"end":{}}],"line":857},"47":{"loc":{"start":{"line":858,"column":8},"end":{"line":858,"column":48}},"type":"if","locations":[{"start":{"line":858,"column":8},"end":{"line":858,"column":48}},{"start":{},"end":{}}],"line":858},"48":{"loc":{"start":{"line":864,"column":4},"end":{"line":878,"column":5}},"type":"if","locations":[{"start":{"line":864,"column":4},"end":{"line":878,"column":5}},{"start":{},"end":{}}],"line":864},"49":{"loc":{"start":{"line":865,"column":6},"end":{"line":866,"column":47}},"type":"binary-expr","locations":[{"start":{"line":865,"column":6},"end":{"line":865,"column":66}},{"start":{"line":866,"column":6},"end":{"line":866,"column":47}}],"line":865},"50":{"loc":{"start":{"line":872,"column":8},"end":{"line":872,"column":54}},"type":"if","locations":[{"start":{"line":872,"column":8},"end":{"line":872,"column":54}},{"start":{},"end":{}}],"line":872},"51":{"loc":{"start":{"line":873,"column":8},"end":{"line":873,"column":48}},"type":"if","locations":[{"start":{"line":873,"column":8},"end":{"line":873,"column":48}},{"start":{},"end":{}}],"line":873},"52":{"loc":{"start":{"line":879,"column":4},"end":{"line":903,"column":5}},"type":"if","locations":[{"start":{"line":879,"column":4},"end":{"line":903,"column":5}},{"start":{},"end":{}}],"line":879},"53":{"loc":{"start":{"line":880,"column":6},"end":{"line":882,"column":47}},"type":"binary-expr","locations":[{"start":{"line":880,"column":6},"end":{"line":881,"column":76}},{"start":{"line":882,"column":6},"end":{"line":882,"column":47}}],"line":880},"54":{"loc":{"start":{"line":889,"column":8},"end":{"line":889,"column":63}},"type":"if","locations":[{"start":{"line":889,"column":8},"end":{"line":889,"column":63}},{"start":{},"end":{}}],"line":889},"55":{"loc":{"start":{"line":896,"column":10},"end":{"line":896,"column":56}},"type":"if","locations":[{"start":{"line":896,"column":10},"end":{"line":896,"column":56}},{"start":{},"end":{}}],"line":896},"56":{"loc":{"start":{"line":897,"column":10},"end":{"line":897,"column":50}},"type":"if","locations":[{"start":{"line":897,"column":10},"end":{"line":897,"column":50}},{"start":{},"end":{}}],"line":897},"57":{"loc":{"start":{"line":915,"column":4},"end":{"line":917,"column":5}},"type":"if","locations":[{"start":{"line":915,"column":4},"end":{"line":917,"column":5}},{"start":{},"end":{}}],"line":915},"58":{"loc":{"start":{"line":931,"column":6},"end":{"line":936,"column":7}},"type":"if","locations":[{"start":{"line":931,"column":6},"end":{"line":936,"column":7}},{"start":{},"end":{}}],"line":931},"59":{"loc":{"start":{"line":962,"column":4},"end":{"line":992,"column":5}},"type":"if","locations":[{"start":{"line":962,"column":4},"end":{"line":992,"column":5}},{"start":{"line":966,"column":11},"end":{"line":992,"column":5}}],"line":962},"60":{"loc":{"start":{"line":966,"column":11},"end":{"line":992,"column":5}},"type":"if","locations":[{"start":{"line":966,"column":11},"end":{"line":992,"column":5}},{"start":{"line":973,"column":11},"end":{"line":992,"column":5}}],"line":966},"61":{"loc":{"start":{"line":1007,"column":4},"end":{"line":1009,"column":5}},"type":"if","locations":[{"start":{"line":1007,"column":4},"end":{"line":1009,"column":5}},{"start":{},"end":{}}],"line":1007},"62":{"loc":{"start":{"line":1030,"column":6},"end":{"line":1034,"column":7}},"type":"if","locations":[{"start":{"line":1030,"column":6},"end":{"line":1034,"column":7}},{"start":{"line":1032,"column":13},"end":{"line":1034,"column":7}}],"line":1030},"63":{"loc":{"start":{"line":1074,"column":6},"end":{"line":1076,"column":7}},"type":"if","locations":[{"start":{"line":1074,"column":6},"end":{"line":1076,"column":7}},{"start":{},"end":{}}],"line":1074}},"s":{"0":1,"1":1,"2":17,"3":17,"4":17,"5":17,"6":104,"7":104,"8":104,"9":17,"10":17,"11":104,"12":17,"13":17,"14":17,"15":17,"16":17,"17":13,"18":13,"19":1,"20":12,"21":12,"22":12,"23":12,"24":1,"25":1,"26":0,"27":1,"28":1,"29":1,"30":1,"31":19,"32":19,"33":19,"34":18,"35":1,"36":17,"37":17,"38":17,"39":17,"40":17,"41":17,"42":17,"43":17,"44":249,"45":249,"46":249,"47":249,"48":249,"49":249,"50":249,"51":249,"52":249,"53":93,"54":76,"55":93,"56":76,"57":93,"58":5,"59":88,"60":37,"61":51,"62":51,"63":51,"64":49,"65":49,"66":138,"67":47,"68":47,"69":42,"70":5,"71":5,"72":4,"73":4,"74":4,"75":4,"76":1,"77":2,"78":8,"79":8,"80":0,"81":8,"82":2,"83":2,"84":0,"85":2,"86":2,"87":2,"88":0,"89":2,"90":2,"91":0,"92":2,"93":2,"94":2,"95":2,"96":0,"97":2,"98":2,"99":4,"100":4,"101":0,"102":4,"103":9,"104":9,"105":9,"106":9,"107":9,"108":9,"109":0,"110":9,"111":9,"112":9,"113":9,"114":9,"115":9,"116":9,"117":9,"118":8,"119":8,"120":1,"121":1,"122":1,"123":1,"124":1,"125":1,"126":1,"127":1,"128":0,"129":1,"130":0,"131":1,"132":1,"133":1,"134":1,"135":1,"136":2,"137":2,"138":2,"139":2,"140":2,"141":0,"142":2,"143":2,"144":2,"145":2,"146":2,"147":2,"148":2,"149":2,"150":2,"151":2,"152":2,"153":17,"154":17,"155":17,"156":17,"157":17,"158":17,"159":17,"160":29,"161":29,"162":29,"163":29,"164":29,"165":29,"166":29,"167":4,"168":4,"169":9,"170":4,"171":10,"172":4,"173":4,"174":4,"175":4,"176":4,"177":4,"178":5,"179":2,"180":2,"181":2,"182":2,"183":2,"184":2,"185":2,"186":2,"187":22,"188":5,"189":151,"190":151,"191":151,"192":101,"193":94,"194":7,"195":94,"196":94,"197":94,"198":94,"199":94,"200":56,"201":56,"202":94,"203":94,"204":94,"205":94,"206":7,"207":7,"208":7,"209":7,"210":7,"211":7,"212":3,"213":3,"214":4,"215":4,"216":4,"217":3,"218":3,"219":3,"220":4,"221":4,"222":7,"223":7,"224":7,"225":7,"226":2,"227":2,"228":7,"229":0,"230":0,"231":0,"232":0,"233":0,"234":0,"235":0,"236":0,"237":0,"238":0,"239":0,"240":0,"241":0,"242":0,"243":0,"244":7,"245":0,"246":0,"247":0,"248":0,"249":0,"250":0,"251":0,"252":0,"253":7,"254":7,"255":7,"256":72,"257":7,"258":56,"259":56,"260":56,"261":56,"262":56,"263":56,"264":56,"265":56,"266":83,"267":83,"268":83,"269":501,"270":56,"271":94,"272":38,"273":56,"274":56,"275":56,"276":56,"277":56,"278":0,"279":0,"280":0,"281":0,"282":0,"283":0,"284":0,"285":0,"286":0,"287":0,"288":0,"289":0,"290":0,"291":0,"292":0,"293":0,"294":0,"295":0,"296":0,"297":0,"298":0,"299":0,"300":0,"301":0,"302":0,"303":0,"304":0,"305":0,"306":0,"307":0,"308":0,"309":0,"310":0,"311":0,"312":0,"313":0,"314":0,"315":0,"316":0,"317":0,"318":0,"319":0,"320":0,"321":0,"322":0,"323":0,"324":0,"325":90,"326":90,"327":208,"328":90,"329":1,"330":89,"331":89,"332":89,"333":89,"334":89,"335":89,"336":89,"337":268,"338":268,"339":242,"340":553,"341":167,"342":386,"343":0,"344":386,"345":386,"346":101,"347":0,"348":0,"349":0,"350":0,"351":0,"352":0,"353":0,"354":0,"355":0,"356":101,"357":0,"358":0,"359":0,"360":0,"361":0,"362":0,"363":0,"364":0,"365":0,"366":0,"367":0,"368":0,"369":0,"370":0,"371":97,"372":0,"373":97,"374":97,"375":97,"376":97,"377":97,"378":99,"379":56,"380":56,"381":56,"382":56,"383":99,"384":99,"385":99,"386":99,"387":99,"388":99,"389":99,"390":99,"391":99,"392":56,"393":56,"394":56,"395":0,"396":0,"397":0,"398":0,"399":0,"400":0,"401":0,"402":0,"403":0,"404":0,"405":0,"406":0,"407":0,"408":0,"409":0,"410":0,"411":157,"412":0,"413":157,"414":157,"415":157,"416":157,"417":157,"418":275,"419":275,"420":275,"421":275,"422":0,"423":275,"424":275,"425":275,"426":275,"427":157,"428":95,"429":95,"430":28,"431":28,"432":28,"433":107,"434":107,"435":28,"436":0,"437":359,"438":359,"439":359,"440":359,"441":359,"442":359,"443":359,"444":359,"445":160,"446":160,"447":160,"448":160,"449":160,"450":160,"451":2,"452":2,"453":2,"454":2,"455":2,"456":2,"457":56,"458":56},"f":{"0":1,"1":17,"2":13,"3":1,"4":19,"5":249,"6":93,"7":8,"8":2,"9":0,"10":2,"11":2,"12":4,"13":9,"14":1,"15":2,"16":17,"17":29,"18":4,"19":9,"20":10,"21":5,"22":151,"23":101,"24":94,"25":7,"26":7,"27":56,"28":94,"29":90,"30":208,"31":268,"32":97,"33":56,"34":157,"35":95,"36":95,"37":28,"38":359,"39":160,"40":2,"41":56},"b":{"0":[1,12],"1":[0,1],"2":[1,17],"3":[76],"4":[76],"5":[76],"6":[76,17],"7":[76,17],"8":[5,88],"9":[37,51],"10":[38,13],"11":[47,91],"12":[42,5],"13":[47,5],"14":[4,1],"15":[0,8],"16":[0,2],"17":[0,2],"18":[0,2],"19":[0,4],"20":[0,9],"21":[1,0],"22":[0,1],"23":[0,1],"24":[0,2],"25":[2,3],"26":[94,7],"27":[3,4],"28":[3,1],"29":[0,7],"30":[0,0],"31":[0,7],"32":[0,0],"33":[7,0],"34":[56,445],"35":[38,56],"36":[56,0],"37":[0,0],"38":[0,0],"39":[0,0],"40":[0,0],"41":[0,0],"42":[1,89],"43":[14],"44":[14],"45":[242,26],"46":[167,386],"47":[0,386],"48":[0,101],"49":[101,101],"50":[0,0],"51":[0,0],"52":[0,101],"53":[101,101],"54":[0,0],"55":[0,0],"56":[0,0],"57":[0,97],"58":[56,43],"59":[56,0],"60":[0,0],"61":[0,157],"62":[0,275],"63":[28,79]},"inputSourceMap":null,"_coverageSchema":"1a1c01bbd47fc00a2c39e90264f33305004495a9","hash":"3a641efcaaa02522e45bae5b9c527f7efa2efcb0"}
,"C:\\Users\\PC\\Desktop\\SPZ\\src\\exceptions.js": {"path":"C:\\Users\\PC\\Desktop\\SPZ\\src\\exceptions.js","statementMap":{},"fnMap":{},"branchMap":{},"s":{},"f":{},"b":{},"inputSourceMap":null,"_coverageSchema":"1a1c01bbd47fc00a2c39e90264f33305004495a9","hash":"ea726ef535c7ecafcb4e4f304714294f7a77ce31"}
,"C:\\Users\\PC\\Desktop\\SPZ\\src\\inode.js": {"path":"C:\\Users\\PC\\Desktop\\SPZ\\src\\inode.js","statementMap":{"0":{"start":{"line":9,"column":17},"end":{"line":14,"column":2}},"1":{"start":{"line":44,"column":4},"end":{"line":44,"column":19}},"2":{"start":{"line":45,"column":4},"end":{"line":45,"column":21}},"3":{"start":{"line":46,"column":4},"end":{"line":46,"column":21}},"4":{"start":{"line":47,"column":4},"end":{"line":47,"column":21}},"5":{"start":{"line":48,"column":4},"end":{"line":48,"column":39}},"6":{"start":{"line":49,"column":4},"end":{"line":49,"column":41}},"7":{"start":{"line":50,"column":4},"end":{"line":50,"column":41}}},"fnMap":{"0":{"name":"(anonymous_0)","decl":{"start":{"line":35,"column":2},"end":{"line":35,"column":3}},"loc":{"start":{"line":43,"column":4},"end":{"line":51,"column":3}},"line":43}},"branchMap":{},"s":{"0":1,"1":266,"2":266,"3":266,"4":266,"5":266,"6":266,"7":266},"f":{"0":266},"b":{},"inputSourceMap":null,"_coverageSchema":"1a1c01bbd47fc00a2c39e90264f33305004495a9","hash":"b37ebf6ac8e8c97657ee99ad488dbc1bf87ad4de"}
,"C:\\Users\\PC\\Desktop\\SPZ\\src\\serializer.js": {"path":"C:\\Users\\PC\\Desktop\\SPZ\\src\\serializer.js","statementMap":{"0":{"start":{"line":20,"column":24},"end":{"line":29,"column":1}},"1":{"start":{"line":21,"column":15},"end":{"line":21,"column":42}},"2":{"start":{"line":22,"column":24},"end":{"line":24,"column":3}},"3":{"start":{"line":26,"column":2},"end":{"line":26,"column":29}},"4":{"start":{"line":27,"column":2},"end":{"line":27,"column":61}},"5":{"start":{"line":28,"column":2},"end":{"line":28,"column":14}},"6":{"start":{"line":36,"column":26},"end":{"line":46,"column":1}},"7":{"start":{"line":37,"column":24},"end":{"line":37,"column":63}},"8":{"start":{"line":38,"column":19},"end":{"line":40,"column":3}},"9":{"start":{"line":41,"column":19},"end":{"line":41,"column":55}},"10":{"start":{"line":42,"column":14},"end":{"line":42,"column":40}},"11":{"start":{"line":44,"column":17},"end":{"line":44,"column":42}},"12":{"start":{"line":45,"column":2},"end":{"line":45,"column":16}},"13":{"start":{"line":53,"column":26},"end":{"line":62,"column":1}},"14":{"start":{"line":54,"column":15},"end":{"line":54,"column":60}},"15":{"start":{"line":56,"column":2},"end":{"line":59,"column":5}},"16":{"start":{"line":57,"column":24},"end":{"line":57,"column":47}},"17":{"start":{"line":58,"column":4},"end":{"line":58,"column":47}},"18":{"start":{"line":61,"column":2},"end":{"line":61,"column":14}},"19":{"start":{"line":69,"column":28},"end":{"line":77,"column":1}},"20":{"start":{"line":70,"column":19},"end":{"line":70,"column":21}},"21":{"start":{"line":71,"column":2},"end":{"line":75,"column":3}},"22":{"start":{"line":71,"column":20},"end":{"line":71,"column":21}},"23":{"start":{"line":72,"column":24},"end":{"line":72,"column":68}},"24":{"start":{"line":73,"column":19},"end":{"line":73,"column":49}},"25":{"start":{"line":74,"column":4},"end":{"line":74,"column":26}},"26":{"start":{"line":76,"column":2},"end":{"line":76,"column":18}},"27":{"start":{"line":84,"column":23},"end":{"line":110,"column":1}},"28":{"start":{"line":85,"column":15},"end":{"line":85,"column":41}},"29":{"start":{"line":86,"column":19},"end":{"line":86,"column":44}},"30":{"start":{"line":87,"column":20},"end":{"line":87,"column":49}},"31":{"start":{"line":88,"column":20},"end":{"line":88,"column":46}},"32":{"start":{"line":89,"column":20},"end":{"line":89,"column":46}},"33":{"start":{"line":90,"column":29},"end":{"line":92,"column":4}},"34":{"start":{"line":90,"column":67},"end":{"line":92,"column":3}},"35":{"start":{"line":93,"column":30},"end":{"line":93,"column":68}},"36":{"start":{"line":94,"column":30},"end":{"line":94,"column":68}},"37":{"start":{"line":96,"column":2},"end":{"line":107,"column":4}},"38":{"start":{"line":109,"column":2},"end":{"line":109,"column":14}},"39":{"start":{"line":117,"column":25},"end":{"line":161,"column":1}},"40":{"start":{"line":118,"column":15},"end":{"line":118,"column":16}},"41":{"start":{"line":119,"column":19},"end":{"line":119,"column":57}},"42":{"start":{"line":120,"column":2},"end":{"line":120,"column":27}},"43":{"start":{"line":121,"column":20},"end":{"line":121,"column":68}},"44":{"start":{"line":122,"column":2},"end":{"line":122,"column":28}},"45":{"start":{"line":123,"column":20},"end":{"line":123,"column":68}},"46":{"start":{"line":124,"column":2},"end":{"line":124,"column":28}},"47":{"start":{"line":125,"column":20},"end":{"line":125,"column":68}},"48":{"start":{"line":126,"column":2},"end":{"line":126,"column":28}},"49":{"start":{"line":127,"column":29},"end":{"line":130,"column":3}},"50":{"start":{"line":131,"column":2},"end":{"line":131,"column":54}},"51":{"start":{"line":132,"column":30},"end":{"line":132,"column":75}},"52":{"start":{"line":133,"column":30},"end":{"line":133,"column":75}},"53":{"start":{"line":135,"column":14},"end":{"line":135,"column":40}},"54":{"start":{"line":136,"column":15},"end":{"line":136,"column":45}},"55":{"start":{"line":137,"column":15},"end":{"line":137,"column":42}},"56":{"start":{"line":138,"column":15},"end":{"line":138,"column":42}},"57":{"start":{"line":139,"column":24},"end":{"line":139,"column":26}},"58":{"start":{"line":140,"column":2},"end":{"line":147,"column":3}},"59":{"start":{"line":140,"column":23},"end":{"line":140,"column":24}},"60":{"start":{"line":141,"column":22},"end":{"line":144,"column":5}},"61":{"start":{"line":145,"column":17},"end":{"line":145,"column":46}},"62":{"start":{"line":146,"column":4},"end":{"line":146,"column":29}},"63":{"start":{"line":148,"column":25},"end":{"line":148,"column":64}},"64":{"start":{"line":149,"column":25},"end":{"line":149,"column":64}},"65":{"start":{"line":151,"column":16},"end":{"line":159,"column":3}},"66":{"start":{"line":160,"column":2},"end":{"line":160,"column":15}},"67":{"start":{"line":168,"column":26},"end":{"line":181,"column":1}},"68":{"start":{"line":169,"column":2},"end":{"line":180,"column":3}},"69":{"start":{"line":171,"column":6},"end":{"line":171,"column":36}},"70":{"start":{"line":173,"column":6},"end":{"line":173,"column":36}},"71":{"start":{"line":175,"column":6},"end":{"line":175,"column":36}},"72":{"start":{"line":177,"column":6},"end":{"line":177,"column":36}},"73":{"start":{"line":179,"column":6},"end":{"line":179,"column":36}},"74":{"start":{"line":188,"column":28},"end":{"line":200,"column":1}},"75":{"start":{"line":189,"column":2},"end":{"line":199,"column":3}},"76":{"start":{"line":190,"column":4},"end":{"line":190,"column":28}},"77":{"start":{"line":191,"column":9},"end":{"line":199,"column":3}},"78":{"start":{"line":192,"column":4},"end":{"line":192,"column":30}},"79":{"start":{"line":193,"column":9},"end":{"line":199,"column":3}},"80":{"start":{"line":194,"column":4},"end":{"line":194,"column":28}},"81":{"start":{"line":195,"column":9},"end":{"line":199,"column":3}},"82":{"start":{"line":196,"column":4},"end":{"line":196,"column":27}},"83":{"start":{"line":198,"column":4},"end":{"line":198,"column":27}},"84":{"start":{"line":207,"column":25},"end":{"line":209,"column":1}},"85":{"start":{"line":208,"column":2},"end":{"line":208,"column":33}},"86":{"start":{"line":216,"column":27},"end":{"line":218,"column":1}},"87":{"start":{"line":217,"column":2},"end":{"line":217,"column":33}},"88":{"start":{"line":225,"column":29},"end":{"line":237,"column":1}},"89":{"start":{"line":226,"column":20},"end":{"line":226,"column":22}},"90":{"start":{"line":227,"column":2},"end":{"line":234,"column":3}},"91":{"start":{"line":227,"column":20},"end":{"line":227,"column":21}},"92":{"start":{"line":228,"column":25},"end":{"line":231,"column":5}},"93":{"start":{"line":232,"column":20},"end":{"line":232,"column":52}},"94":{"start":{"line":233,"column":4},"end":{"line":233,"column":28}},"95":{"start":{"line":236,"column":2},"end":{"line":236,"column":19}},"96":{"start":{"line":244,"column":27},"end":{"line":251,"column":1}},"97":{"start":{"line":245,"column":15},"end":{"line":245,"column":58}},"98":{"start":{"line":246,"column":2},"end":{"line":249,"column":5}},"99":{"start":{"line":247,"column":25},"end":{"line":247,"column":50}},"100":{"start":{"line":248,"column":4},"end":{"line":248,"column":49}},"101":{"start":{"line":250,"column":2},"end":{"line":250,"column":14}},"102":{"start":{"line":258,"column":23},"end":{"line":265,"column":1}},"103":{"start":{"line":259,"column":2},"end":{"line":264,"column":5}},"104":{"start":{"line":272,"column":25},"end":{"line":274,"column":1}},"105":{"start":{"line":273,"column":2},"end":{"line":273,"column":74}},"106":{"start":{"line":280,"column":23},"end":{"line":282,"column":1}},"107":{"start":{"line":281,"column":2},"end":{"line":281,"column":57}},"108":{"start":{"line":289,"column":25},"end":{"line":291,"column":1}},"109":{"start":{"line":290,"column":2},"end":{"line":290,"column":36}}},"fnMap":{"0":{"name":"(anonymous_0)","decl":{"start":{"line":20,"column":24},"end":{"line":20,"column":25}},"loc":{"start":{"line":20,"column":36},"end":{"line":29,"column":1}},"line":20},"1":{"name":"(anonymous_1)","decl":{"start":{"line":36,"column":26},"end":{"line":36,"column":27}},"loc":{"start":{"line":36,"column":37},"end":{"line":46,"column":1}},"line":36},"2":{"name":"(anonymous_2)","decl":{"start":{"line":53,"column":26},"end":{"line":53,"column":27}},"loc":{"start":{"line":53,"column":40},"end":{"line":62,"column":1}},"line":53},"3":{"name":"(anonymous_3)","decl":{"start":{"line":56,"column":19},"end":{"line":56,"column":20}},"loc":{"start":{"line":56,"column":38},"end":{"line":59,"column":3}},"line":56},"4":{"name":"(anonymous_4)","decl":{"start":{"line":69,"column":28},"end":{"line":69,"column":29}},"loc":{"start":{"line":69,"column":39},"end":{"line":77,"column":1}},"line":69},"5":{"name":"(anonymous_5)","decl":{"start":{"line":84,"column":23},"end":{"line":84,"column":24}},"loc":{"start":{"line":84,"column":34},"end":{"line":110,"column":1}},"line":84},"6":{"name":"(anonymous_6)","decl":{"start":{"line":90,"column":57},"end":{"line":90,"column":58}},"loc":{"start":{"line":90,"column":67},"end":{"line":92,"column":3}},"line":90},"7":{"name":"(anonymous_7)","decl":{"start":{"line":117,"column":25},"end":{"line":117,"column":26}},"loc":{"start":{"line":117,"column":36},"end":{"line":161,"column":1}},"line":117},"8":{"name":"(anonymous_8)","decl":{"start":{"line":168,"column":26},"end":{"line":168,"column":27}},"loc":{"start":{"line":168,"column":36},"end":{"line":181,"column":1}},"line":168},"9":{"name":"(anonymous_9)","decl":{"start":{"line":188,"column":28},"end":{"line":188,"column":29}},"loc":{"start":{"line":188,"column":39},"end":{"line":200,"column":1}},"line":188},"10":{"name":"(anonymous_10)","decl":{"start":{"line":207,"column":25},"end":{"line":207,"column":26}},"loc":{"start":{"line":207,"column":38},"end":{"line":209,"column":1}},"line":207},"11":{"name":"(anonymous_11)","decl":{"start":{"line":216,"column":27},"end":{"line":216,"column":28}},"loc":{"start":{"line":216,"column":38},"end":{"line":218,"column":1}},"line":216},"12":{"name":"(anonymous_12)","decl":{"start":{"line":225,"column":29},"end":{"line":225,"column":30}},"loc":{"start":{"line":225,"column":40},"end":{"line":237,"column":1}},"line":225},"13":{"name":"(anonymous_13)","decl":{"start":{"line":244,"column":27},"end":{"line":244,"column":28}},"loc":{"start":{"line":244,"column":42},"end":{"line":251,"column":1}},"line":244},"14":{"name":"(anonymous_14)","decl":{"start":{"line":246,"column":20},"end":{"line":246,"column":21}},"loc":{"start":{"line":246,"column":40},"end":{"line":249,"column":3}},"line":246},"15":{"name":"(anonymous_15)","decl":{"start":{"line":258,"column":23},"end":{"line":258,"column":24}},"loc":{"start":{"line":258,"column":34},"end":{"line":265,"column":1}},"line":258},"16":{"name":"(anonymous_16)","decl":{"start":{"line":272,"column":25},"end":{"line":272,"column":26}},"loc":{"start":{"line":272,"column":36},"end":{"line":274,"column":1}},"line":272},"17":{"name":"(anonymous_17)","decl":{"start":{"line":280,"column":23},"end":{"line":280,"column":24}},"loc":{"start":{"line":280,"column":34},"end":{"line":282,"column":1}},"line":280},"18":{"name":"(anonymous_18)","decl":{"start":{"line":289,"column":25},"end":{"line":289,"column":26}},"loc":{"start":{"line":289,"column":36},"end":{"line":291,"column":1}},"line":289}},"branchMap":{"0":{"loc":{"start":{"line":169,"column":2},"end":{"line":180,"column":3}},"type":"switch","locations":[{"start":{"line":170,"column":4},"end":{"line":171,"column":36}},{"start":{"line":172,"column":4},"end":{"line":173,"column":36}},{"start":{"line":174,"column":4},"end":{"line":175,"column":36}},{"start":{"line":176,"column":4},"end":{"line":177,"column":36}},{"start":{"line":178,"column":4},"end":{"line":179,"column":36}}],"line":169},"1":{"loc":{"start":{"line":189,"column":2},"end":{"line":199,"column":3}},"type":"if","locations":[{"start":{"line":189,"column":2},"end":{"line":199,"column":3}},{"start":{"line":191,"column":9},"end":{"line":199,"column":3}}],"line":189},"2":{"loc":{"start":{"line":189,"column":6},"end":{"line":189,"column":36}},"type":"binary-expr","locations":[{"start":{"line":189,"column":6},"end":{"line":189,"column":19}},{"start":{"line":189,"column":23},"end":{"line":189,"column":36}}],"line":189},"3":{"loc":{"start":{"line":191,"column":9},"end":{"line":199,"column":3}},"type":"if","locations":[{"start":{"line":191,"column":9},"end":{"line":199,"column":3}},{"start":{"line":193,"column":9},"end":{"line":199,"column":3}}],"line":191},"4":{"loc":{"start":{"line":191,"column":13},"end":{"line":191,"column":43}},"type":"binary-expr","locations":[{"start":{"line":191,"column":13},"end":{"line":191,"column":26}},{"start":{"line":191,"column":30},"end":{"line":191,"column":43}}],"line":191},"5":{"loc":{"start":{"line":193,"column":9},"end":{"line":199,"column":3}},"type":"if","locations":[{"start":{"line":193,"column":9},"end":{"line":199,"column":3}},{"start":{"line":195,"column":9},"end":{"line":199,"column":3}}],"line":193},"6":{"loc":{"start":{"line":193,"column":13},"end":{"line":193,"column":43}},"type":"binary-expr","locations":[{"start":{"line":193,"column":13},"end":{"line":193,"column":26}},{"start":{"line":193,"column":30},"end":{"line":193,"column":43}}],"line":193},"7":{"loc":{"start":{"line":195,"column":9},"end":{"line":199,"column":3}},"type":"if","locations":[{"start":{"line":195,"column":9},"end":{"line":199,"column":3}},{"start":{"line":197,"column":9},"end":{"line":199,"column":3}}],"line":195},"8":{"loc":{"start":{"line":195,"column":13},"end":{"line":195,"column":43}},"type":"binary-expr","locations":[{"start":{"line":195,"column":13},"end":{"line":195,"column":26}},{"start":{"line":195,"column":30},"end":{"line":195,"column":43}}],"line":195}},"s":{"0":1,"1":95,"2":95,"3":95,"4":95,"5":95,"6":1,"7":452,"8":452,"9":452,"10":452,"11":452,"12":452,"13":1,"14":4,"15":4,"16":6,"17":6,"18":4,"19":1,"20":151,"21":151,"22":151,"23":452,"24":452,"25":452,"26":151,"27":1,"28":359,"29":359,"30":359,"31":359,"32":359,"33":359,"34":1697,"35":359,"36":359,"37":359,"38":359,"39":1,"40":249,"41":249,"42":249,"43":249,"44":249,"45":249,"46":249,"47":249,"48":249,"49":249,"50":249,"51":249,"52":249,"53":249,"54":249,"55":249,"56":249,"57":249,"58":249,"59":249,"60":2739,"61":2739,"62":2739,"63":249,"64":249,"65":249,"66":249,"67":1,"68":359,"69":56,"70":291,"71":10,"72":2,"73":0,"74":1,"75":249,"76":73,"77":176,"78":141,"79":35,"80":7,"81":28,"82":28,"83":0,"84":1,"85":2415,"86":1,"87":3237,"88":1,"89":0,"90":0,"91":0,"92":0,"93":0,"94":0,"95":0,"96":1,"97":0,"98":0,"99":0,"100":0,"101":0,"102":1,"103":3245,"104":1,"105":4216,"106":1,"107":359,"108":1,"109":249},"f":{"0":95,"1":452,"2":4,"3":6,"4":151,"5":359,"6":1697,"7":249,"8":359,"9":249,"10":2415,"11":3237,"12":0,"13":0,"14":0,"15":3245,"16":4216,"17":359,"18":249},"b":{"0":[56,291,10,2,0],"1":[73,176],"2":[249,249],"3":[141,35],"4":[176,176],"5":[7,28],"6":[35,35],"7":[28,0],"8":[28,28]},"inputSourceMap":null,"_coverageSchema":"1a1c01bbd47fc00a2c39e90264f33305004495a9","hash":"42edec70a205b738d6a49261771b04b671290f4e"}
,"C:\\Users\\PC\\Desktop\\SPZ\\src\\settings.js": {"path":"C:\\Users\\PC\\Desktop\\SPZ\\src\\settings.js","statementMap":{"0":{"start":{"line":1,"column":19},"end":{"line":1,"column":22}},"1":{"start":{"line":2,"column":20},"end":{"line":2,"column":23}},"2":{"start":{"line":3,"column":20},"end":{"line":3,"column":44}},"3":{"start":{"line":5,"column":26},"end":{"line":5,"column":27}},"4":{"start":{"line":9,"column":21},"end":{"line":9,"column":22}},"5":{"start":{"line":11,"column":20},"end":{"line":11,"column":22}},"6":{"start":{"line":13,"column":23},"end":{"line":13,"column":24}},"7":{"start":{"line":14,"column":24},"end":{"line":14,"column":25}},"8":{"start":{"line":15,"column":24},"end":{"line":15,"column":25}},"9":{"start":{"line":16,"column":24},"end":{"line":16,"column":25}},"10":{"start":{"line":17,"column":35},"end":{"line":17,"column":37}},"11":{"start":{"line":19,"column":2},"end":{"line":25,"column":14}},"12":{"start":{"line":26,"column":15},"end":{"line":26,"column":16}},"13":{"start":{"line":29,"column":27},"end":{"line":29,"column":52}}},"fnMap":{},"branchMap":{},"s":{"0":1,"1":1,"2":1,"3":1,"4":1,"5":1,"6":1,"7":1,"8":1,"9":1,"10":1,"11":1,"12":1,"13":1},"f":{},"b":{},"inputSourceMap":null,"_coverageSchema":"1a1c01bbd47fc00a2c39e90264f33305004495a9","hash":"6d0539c30e4f7332f2dd574dd026d77047b3a776"}
}
