TN:
SF:src\constants.js
FNF:0
FNH:0
DA:1,1
DA:2,1
DA:3,1
LF:3
LH:3
BRF:0
BRH:0
end_of_record
TN:
SF:src\dentry.js
FN:14,(anonymous_0)
FNF:1
FNH:1
FNDA:569,(anonymous_0)
DA:15,569
DA:16,569
LF:2
LH:2
BRF:0
BRH:0
end_of_record
TN:
SF:src\device.js
FN:17,(anonymous_0)
FN:29,(anonymous_1)
FN:41,(anonymous_2)
FNF:3
FNH:3
FNDA:1,(anonymous_0)
FNDA:1249,(anonymous_1)
FNDA:800,(anonymous_2)
DA:18,1
DA:19,1
DA:20,1
DA:30,1249
DA:42,800
LF:5
LH:5
BRF:0
BRH:0
end_of_record
TN:
SF:src\driver.js
FN:53,(anonymous_0)
FN:63,(anonymous_1)
FN:115,(anonymous_2)
FN:137,(anonymous_3)
FN:161,(anonymous_4)
FN:192,(anonymous_5)
FN:217,(anonymous_6)
FN:269,(anonymous_7)
FN:284,(anonymous_8)
FN:301,(anonymous_9)
FN:317,(anonymous_10)
FN:337,(anonymous_11)
FN:356,(anonymous_12)
FN:370,(anonymous_13)
FN:407,(anonymous_14)
FN:432,(anonymous_15)
FN:459,(anonymous_16)
FN:470,(anonymous_17)
FN:486,(anonymous_18)
FN:488,(anonymous_19)
FN:489,(anonymous_20)
FN:503,(anonymous_21)
FN:528,(anonymous_22)
FN:542,(anonymous_23)
FN:555,(anonymous_24)
FN:580,(anonymous_25)
FN:610,(anonymous_26)
FN:688,(anonymous_27)
FN:719,(anonymous_28)
FN:828,(anonymous_29)
FN:831,(anonymous_30)
FN:853,(anonymous_31)
FN:914,(anonymous_32)
FN:961,(anonymous_33)
FN:1006,(anonymous_34)
FN:1052,(anonymous_35)
FN:1061,(anonymous_36)
FN:1070,(anonymous_37)
FN:1086,(anonymous_38)
FN:1097,(anonymous_39)
FN:1107,(anonymous_40)
FN:1117,(anonymous_41)
FNF:42
FNH:41
FNDA:1,(anonymous_0)
FNDA:17,(anonymous_1)
FNDA:13,(anonymous_2)
FNDA:1,(anonymous_3)
FNDA:19,(anonymous_4)
FNDA:249,(anonymous_5)
FNDA:93,(anonymous_6)
FNDA:8,(anonymous_7)
FNDA:2,(anonymous_8)
FNDA:0,(anonymous_9)
FNDA:2,(anonymous_10)
FNDA:2,(anonymous_11)
FNDA:4,(anonymous_12)
FNDA:9,(anonymous_13)
FNDA:1,(anonymous_14)
FNDA:2,(anonymous_15)
FNDA:17,(anonymous_16)
FNDA:29,(anonymous_17)
FNDA:4,(anonymous_18)
FNDA:9,(anonymous_19)
FNDA:10,(anonymous_20)
FNDA:5,(anonymous_21)
FNDA:151,(anonymous_22)
FNDA:101,(anonymous_23)
FNDA:94,(anonymous_24)
FNDA:7,(anonymous_25)
FNDA:7,(anonymous_26)
FNDA:56,(anonymous_27)
FNDA:94,(anonymous_28)
FNDA:90,(anonymous_29)
FNDA:208,(anonymous_30)
FNDA:268,(anonymous_31)
FNDA:97,(anonymous_32)
FNDA:56,(anonymous_33)
FNDA:157,(anonymous_34)
FNDA:95,(anonymous_35)
FNDA:95,(anonymous_36)
FNDA:28,(anonymous_37)
FNDA:359,(anonymous_38)
FNDA:160,(anonymous_39)
FNDA:2,(anonymous_40)
FNDA:56,(anonymous_41)
DA:54,1
DA:55,1
DA:68,17
DA:71,17
DA:73,17
DA:74,104
DA:75,104
DA:80,104
DA:83,17
DA:84,104
DA:87,17
DA:89,17
DA:99,17
DA:100,17
DA:101,17
DA:121,13
DA:122,13
DA:123,1
DA:125,12
DA:126,12
DA:127,12
DA:128,12
DA:144,1
DA:145,1
DA:146,0
DA:148,1
DA:149,1
DA:150,1
DA:151,1
DA:168,19
DA:169,19
DA:170,19
DA:171,18
DA:172,1
DA:174,17
DA:175,17
DA:176,17
DA:177,17
DA:178,17
DA:179,17
DA:180,17
DA:181,17
DA:193,249
DA:194,249
DA:195,249
DA:196,249
DA:198,249
DA:199,249
DA:203,249
DA:204,249
DA:205,249
DA:223,93
DA:224,76
DA:226,93
DA:227,76
DA:230,93
DA:231,88
DA:233,51
DA:234,51
DA:236,51
DA:239,49
DA:240,49
DA:241,138
DA:242,47
DA:243,47
DA:244,42
DA:246,5
DA:247,5
DA:248,4
DA:249,4
DA:250,4
DA:251,4
DA:254,1
DA:258,2
DA:270,8
DA:271,8
DA:272,0
DA:274,8
DA:285,2
DA:286,2
DA:287,0
DA:290,2
DA:291,2
DA:292,2
DA:302,0
DA:318,2
DA:319,2
DA:320,0
DA:323,2
DA:324,2
DA:338,2
DA:339,2
DA:340,0
DA:343,2
DA:344,2
DA:357,4
DA:358,4
DA:359,0
DA:362,4
DA:371,9
DA:373,9
DA:374,9
DA:375,9
DA:377,9
DA:378,9
DA:379,0
DA:381,9
DA:382,9
DA:383,9
DA:384,9
DA:385,9
DA:386,9
DA:387,9
DA:388,9
DA:389,8
DA:390,8
DA:392,1
DA:393,1
DA:394,1
DA:396,1
DA:408,1
DA:409,1
DA:410,1
DA:412,1
DA:413,0
DA:415,1
DA:416,0
DA:419,1
DA:420,1
DA:421,1
DA:422,1
DA:423,1
DA:433,2
DA:434,2
DA:435,2
DA:437,2
DA:438,2
DA:439,0
DA:442,2
DA:443,2
DA:444,2
DA:445,2
DA:446,2
DA:447,2
DA:448,2
DA:449,2
DA:450,2
DA:451,2
DA:452,2
DA:460,17
DA:461,17
DA:462,17
DA:463,17
DA:465,17
DA:466,17
DA:467,17
DA:471,29
DA:472,29
DA:473,29
DA:475,29
DA:476,29
DA:477,29
DA:478,29
DA:487,4
DA:488,9
DA:489,10
DA:490,4
DA:491,4
DA:492,4
DA:494,4
DA:495,4
DA:496,4
DA:504,5
DA:505,2
DA:506,2
DA:507,2
DA:508,2
DA:509,2
DA:510,2
DA:511,2
DA:512,2
DA:516,22
DA:520,5
DA:529,151
DA:530,151
DA:531,151
DA:543,101
DA:544,94
DA:546,7
DA:556,94
DA:557,94
DA:559,94
DA:560,94
DA:561,94
DA:565,56
DA:566,56
DA:569,94
DA:570,94
DA:571,94
DA:572,94
DA:581,7
DA:582,7
DA:583,7
DA:584,7
DA:585,7
DA:586,7
DA:587,3
DA:588,3
DA:590,4
DA:591,4
DA:592,4
DA:593,3
DA:594,3
DA:598,3
DA:601,4
DA:602,4
DA:611,7
DA:612,7
DA:614,7
DA:615,2
DA:616,2
DA:619,7
DA:620,0
DA:624,0
DA:634,0
DA:635,0
DA:636,0
DA:639,0
DA:640,0
DA:643,0
DA:644,0
DA:645,0
DA:647,0
DA:649,0
DA:650,0
DA:651,0
DA:654,7
DA:655,0
DA:662,0
DA:663,0
DA:664,0
DA:669,0
DA:671,0
DA:672,0
DA:673,0
DA:676,7
DA:677,7
DA:678,7
DA:682,72
DA:684,7
DA:689,56
DA:690,56
DA:691,56
DA:692,56
DA:696,56
DA:697,56
DA:703,56
DA:704,83
DA:706,83
DA:707,501
DA:708,56
DA:720,94
DA:722,56
DA:723,56
DA:724,56
DA:725,56
DA:726,56
DA:730,0
DA:731,0
DA:732,0
DA:733,0
DA:736,0
DA:737,0
DA:738,0
DA:739,0
DA:740,0
DA:742,0
DA:744,0
DA:745,0
DA:746,0
DA:747,0
DA:750,0
DA:752,0
DA:753,0
DA:754,0
DA:755,0
DA:758,0
DA:759,0
DA:760,0
DA:767,0
DA:772,0
DA:776,0
DA:778,0
DA:779,0
DA:780,0
DA:781,0
DA:783,0
DA:784,0
DA:787,0
DA:788,0
DA:794,0
DA:795,0
DA:797,0
DA:799,0
DA:801,0
DA:803,0
DA:804,0
DA:805,0
DA:806,0
DA:809,0
DA:811,0
DA:813,0
DA:814,0
DA:816,0
DA:829,90
DA:830,90
DA:831,208
DA:833,90
DA:834,1
DA:836,89
DA:837,89
DA:838,89
DA:839,89
DA:840,89
DA:841,89
DA:842,89
DA:854,268
DA:855,268
DA:856,242
DA:857,553
DA:858,386
DA:860,386
DA:861,386
DA:864,101
DA:869,0
DA:870,0
DA:871,0
DA:872,0
DA:873,0
DA:875,0
DA:876,0
DA:879,101
DA:885,0
DA:886,0
DA:888,0
DA:889,0
DA:891,0
DA:894,0
DA:895,0
DA:896,0
DA:897,0
DA:899,0
DA:900,0
DA:915,97
DA:916,0
DA:919,97
DA:921,97
DA:923,97
DA:924,97
DA:926,97
DA:931,99
DA:932,56
DA:933,56
DA:934,56
DA:935,56
DA:938,99
DA:939,99
DA:943,99
DA:945,99
DA:946,99
DA:947,99
DA:949,99
DA:950,99
DA:951,99
DA:962,56
DA:964,56
DA:965,56
DA:966,0
DA:968,0
DA:969,0
DA:970,0
DA:971,0
DA:972,0
DA:975,0
DA:980,0
DA:983,0
DA:984,0
DA:986,0
DA:987,0
DA:988,0
DA:989,0
DA:990,0
DA:991,0
DA:1007,157
DA:1008,0
DA:1011,157
DA:1013,157
DA:1015,157
DA:1017,157
DA:1018,157
DA:1023,275
DA:1024,275
DA:1029,275
DA:1030,275
DA:1031,0
DA:1033,275
DA:1035,275
DA:1040,275
DA:1041,275
DA:1044,157
DA:1053,95
DA:1062,95
DA:1071,28
DA:1072,28
DA:1073,107
DA:1074,107
DA:1075,28
DA:1079,0
DA:1087,359
DA:1088,359
DA:1089,359
DA:1090,359
DA:1091,359
DA:1092,359
DA:1093,359
DA:1094,359
DA:1098,160
DA:1099,160
DA:1100,160
DA:1102,160
DA:1103,160
DA:1104,160
DA:1108,2
DA:1109,2
DA:1110,2
DA:1112,2
DA:1113,2
DA:1114,2
DA:1118,56
DA:1119,56
LF:440
LH:322
BRDA:122,0,0,1
BRDA:122,0,1,12
BRDA:145,1,0,0
BRDA:145,1,1,1
BRDA:171,2,0,1
BRDA:171,2,1,17
BRDA:219,3,0,76
BRDA:220,4,0,76
BRDA:221,5,0,76
BRDA:223,6,0,76
BRDA:223,6,1,17
BRDA:226,7,0,76
BRDA:226,7,1,17
BRDA:230,8,0,5
BRDA:230,8,1,88
BRDA:231,9,0,37
BRDA:231,9,1,51
BRDA:236,10,0,38
BRDA:236,10,1,13
BRDA:241,11,0,47
BRDA:241,11,1,91
BRDA:243,12,0,42
BRDA:243,12,1,5
BRDA:243,13,0,47
BRDA:243,13,1,5
BRDA:247,14,0,4
BRDA:247,14,1,1
BRDA:271,15,0,0
BRDA:271,15,1,8
BRDA:286,16,0,0
BRDA:286,16,1,2
BRDA:319,17,0,0
BRDA:319,17,1,2
BRDA:339,18,0,0
BRDA:339,18,1,2
BRDA:358,19,0,0
BRDA:358,19,1,4
BRDA:378,20,0,0
BRDA:378,20,1,9
BRDA:392,21,0,1
BRDA:392,21,1,0
BRDA:412,22,0,0
BRDA:412,22,1,1
BRDA:415,23,0,0
BRDA:415,23,1,1
BRDA:438,24,0,0
BRDA:438,24,1,2
BRDA:504,25,0,2
BRDA:504,25,1,3
BRDA:543,26,0,94
BRDA:543,26,1,7
BRDA:586,27,0,3
BRDA:586,27,1,4
BRDA:592,28,0,3
BRDA:592,28,1,1
BRDA:619,29,0,0
BRDA:619,29,1,7
BRDA:649,30,0,0
BRDA:649,30,1,0
BRDA:654,31,0,0
BRDA:654,31,1,7
BRDA:671,32,0,0
BRDA:671,32,1,0
BRDA:676,33,0,7
BRDA:676,33,1,0
BRDA:707,34,0,56
BRDA:707,34,1,445
BRDA:720,35,0,38
BRDA:720,35,1,56
BRDA:725,36,0,56
BRDA:725,36,1,0
BRDA:730,37,0,0
BRDA:730,37,1,0
BRDA:745,38,0,0
BRDA:745,38,1,0
BRDA:752,39,0,0
BRDA:752,39,1,0
BRDA:778,40,0,0
BRDA:778,40,1,0
BRDA:803,41,0,0
BRDA:803,41,1,0
BRDA:833,42,0,1
BRDA:833,42,1,89
BRDA:853,43,0,14
BRDA:853,44,0,14
BRDA:855,45,0,242
BRDA:855,45,1,26
BRDA:857,46,0,167
BRDA:857,46,1,386
BRDA:858,47,0,0
BRDA:858,47,1,386
BRDA:864,48,0,0
BRDA:864,48,1,101
BRDA:865,49,0,101
BRDA:865,49,1,101
BRDA:872,50,0,0
BRDA:872,50,1,0
BRDA:873,51,0,0
BRDA:873,51,1,0
BRDA:879,52,0,0
BRDA:879,52,1,101
BRDA:880,53,0,101
BRDA:880,53,1,101
BRDA:889,54,0,0
BRDA:889,54,1,0
BRDA:896,55,0,0
BRDA:896,55,1,0
BRDA:897,56,0,0
BRDA:897,56,1,0
BRDA:915,57,0,0
BRDA:915,57,1,97
BRDA:931,58,0,56
BRDA:931,58,1,43
BRDA:962,59,0,56
BRDA:962,59,1,0
BRDA:966,60,0,0
BRDA:966,60,1,0
BRDA:1007,61,0,0
BRDA:1007,61,1,157
BRDA:1030,62,0,0
BRDA:1030,62,1,275
BRDA:1074,63,0,28
BRDA:1074,63,1,79
BRF:123
BRH:75
end_of_record
TN:
SF:src\exceptions.js
FNF:0
FNH:0
LF:0
LH:0
BRF:0
BRH:0
end_of_record
TN:
SF:src\inode.js
FN:35,(anonymous_0)
FNF:1
FNH:1
FNDA:266,(anonymous_0)
DA:9,1
DA:44,266
DA:45,266
DA:46,266
DA:47,266
DA:48,266
DA:49,266
DA:50,266
LF:8
LH:8
BRF:0
BRH:0
end_of_record
TN:
SF:src\serializer.js
FN:20,(anonymous_0)
FN:36,(anonymous_1)
FN:53,(anonymous_2)
FN:56,(anonymous_3)
FN:69,(anonymous_4)
FN:84,(anonymous_5)
FN:90,(anonymous_6)
FN:117,(anonymous_7)
FN:168,(anonymous_8)
FN:188,(anonymous_9)
FN:207,(anonymous_10)
FN:216,(anonymous_11)
FN:225,(anonymous_12)
FN:244,(anonymous_13)
FN:246,(anonymous_14)
FN:258,(anonymous_15)
FN:272,(anonymous_16)
FN:280,(anonymous_17)
FN:289,(anonymous_18)
FNF:19
FNH:16
FNDA:95,(anonymous_0)
FNDA:452,(anonymous_1)
FNDA:4,(anonymous_2)
FNDA:6,(anonymous_3)
FNDA:151,(anonymous_4)
FNDA:359,(anonymous_5)
FNDA:1697,(anonymous_6)
FNDA:249,(anonymous_7)
FNDA:359,(anonymous_8)
FNDA:249,(anonymous_9)
FNDA:2415,(anonymous_10)
FNDA:3237,(anonymous_11)
FNDA:0,(anonymous_12)
FNDA:0,(anonymous_13)
FNDA:0,(anonymous_14)
FNDA:3245,(anonymous_15)
FNDA:4216,(anonymous_16)
FNDA:359,(anonymous_17)
FNDA:249,(anonymous_18)
DA:20,1
DA:21,95
DA:22,95
DA:26,95
DA:27,95
DA:28,95
DA:36,1
DA:37,452
DA:38,452
DA:41,452
DA:42,452
DA:44,452
DA:45,452
DA:53,1
DA:54,4
DA:56,4
DA:57,6
DA:58,6
DA:61,4
DA:69,1
DA:70,151
DA:71,151
DA:72,452
DA:73,452
DA:74,452
DA:76,151
DA:84,1
DA:85,359
DA:86,359
DA:87,359
DA:88,359
DA:89,359
DA:90,1697
DA:93,359
DA:94,359
DA:96,359
DA:109,359
DA:117,1
DA:118,249
DA:119,249
DA:120,249
DA:121,249
DA:122,249
DA:123,249
DA:124,249
DA:125,249
DA:126,249
DA:127,249
DA:131,249
DA:132,249
DA:133,249
DA:135,249
DA:136,249
DA:137,249
DA:138,249
DA:139,249
DA:140,249
DA:141,2739
DA:145,2739
DA:146,2739
DA:148,249
DA:149,249
DA:151,249
DA:160,249
DA:168,1
DA:169,359
DA:171,56
DA:173,291
DA:175,10
DA:177,2
DA:179,0
DA:188,1
DA:189,249
DA:190,73
DA:191,176
DA:192,141
DA:193,35
DA:194,7
DA:195,28
DA:196,28
DA:198,0
DA:207,1
DA:208,2415
DA:216,1
DA:217,3237
DA:225,1
DA:226,0
DA:227,0
DA:228,0
DA:232,0
DA:233,0
DA:236,0
DA:244,1
DA:245,0
DA:246,0
DA:247,0
DA:248,0
DA:250,0
DA:258,1
DA:259,3245
DA:272,1
DA:273,4216
DA:280,1
DA:281,359
DA:289,1
DA:290,249
LF:106
LH:93
BRDA:169,0,0,56
BRDA:169,0,1,291
BRDA:169,0,2,10
BRDA:169,0,3,2
BRDA:169,0,4,0
BRDA:189,1,0,73
BRDA:189,1,1,176
BRDA:189,2,0,249
BRDA:189,2,1,249
BRDA:191,3,0,141
BRDA:191,3,1,35
BRDA:191,4,0,176
BRDA:191,4,1,176
BRDA:193,5,0,7
BRDA:193,5,1,28
BRDA:193,6,0,35
BRDA:193,6,1,35
BRDA:195,7,0,28
BRDA:195,7,1,0
BRDA:195,8,0,28
BRDA:195,8,1,28
BRF:21
BRH:19
end_of_record
TN:
SF:src\settings.js
FNF:0
FNH:0
DA:1,1
DA:2,1
DA:3,1
DA:5,1
DA:9,1
DA:11,1
DA:13,1
DA:14,1
DA:15,1
DA:16,1
DA:17,1
DA:19,1
DA:26,1
DA:29,1
LF:14
LH:14
BRF:0
BRH:0
end_of_record
